[0.264s] DEBUG:colcon:Command line arguments: ['/usr/bin/colcon', 'build']
[0.265s] DEBUG:colcon:Parsed command line arguments: Namespace(log_base=None, log_level=None, verb_name='build', build_base='build', install_base='install', merge_install=False, symlink_install=False, test_result_base=None, continue_on_error=False, executor='parallel', parallel_workers=4, event_handlers=None, ignore_user_meta=False, metas=['./colcon.meta'], base_paths=['.'], packages_ignore=None, packages_ignore_regex=None, paths=None, packages_up_to=None, packages_up_to_regex=None, packages_above=None, packages_above_and_dependencies=None, packages_above_depth=None, packages_select_by_dep=None, packages_skip_by_dep=None, packages_skip_up_to=None, packages_select_build_failed=False, packages_skip_build_finished=False, packages_select_test_failures=False, packages_skip_test_passed=False, packages_select=None, packages_skip=None, packages_select_regex=None, packages_skip_regex=None, packages_start=None, packages_end=None, cmake_args=None, cmake_target=None, cmake_target_skip_unavailable=False, cmake_clean_cache=False, cmake_clean_first=False, cmake_force_configure=False, ament_cmake_args=None, catkin_cmake_args=None, catkin_skip_building_tests=False, mixin_files=None, mixin=None, verb_parser=<colcon_mixin.mixin.mixin_argument.MixinArgumentDecorator object at 0x7261c8943be0>, verb_extension=<colcon_core.verb.build.BuildVerb object at 0x7261c8b0cbe0>, main=<bound method BuildVerb.main of <colcon_core.verb.build.BuildVerb object at 0x7261c8b0cbe0>>, mixin_verb=('build',))
[0.581s] Level 1:colcon.colcon_core.package_discovery:discover_packages(colcon_meta) check parameters
[0.582s] Level 1:colcon.colcon_core.package_discovery:discover_packages(recursive) check parameters
[0.582s] Level 1:colcon.colcon_core.package_discovery:discover_packages(ignore) check parameters
[0.582s] Level 1:colcon.colcon_core.package_discovery:discover_packages(path) check parameters
[0.582s] Level 1:colcon.colcon_core.package_discovery:discover_packages(colcon_meta) discover
[0.582s] Level 1:colcon.colcon_core.package_discovery:discover_packages(recursive) discover
[0.582s] INFO:colcon.colcon_core.package_discovery:Crawling recursively for packages in '/home/user/ros2_ws/src/aruco_ros'
[0.582s] Level 1:colcon.colcon_core.package_identification:_identify(.) by extensions ['ignore', 'ignore_ament_install']
[0.582s] Level 1:colcon.colcon_core.package_identification:_identify(.) by extension 'ignore'
[0.582s] Level 1:colcon.colcon_core.package_identification:_identify(.) by extension 'ignore_ament_install'
[0.582s] Level 1:colcon.colcon_core.package_identification:_identify(.) by extensions ['colcon_pkg']
[0.582s] Level 1:colcon.colcon_core.package_identification:_identify(.) by extension 'colcon_pkg'
[0.582s] Level 1:colcon.colcon_core.package_identification:_identify(.) by extensions ['colcon_meta']
[0.582s] Level 1:colcon.colcon_core.package_identification:_identify(.) by extension 'colcon_meta'
[0.583s] Level 1:colcon.colcon_core.package_identification:_identify(.) by extensions ['ros']
[0.583s] Level 1:colcon.colcon_core.package_identification:_identify(.) by extension 'ros'
[0.605s] Level 1:colcon.colcon_core.package_identification:_identify(.) by extensions ['cmake', 'python']
[0.605s] Level 1:colcon.colcon_core.package_identification:_identify(.) by extension 'cmake'
[0.605s] Level 1:colcon.colcon_core.package_identification:_identify(.) by extension 'python'
[0.605s] Level 1:colcon.colcon_core.package_identification:_identify(.) by extensions ['python_setup_py']
[0.605s] Level 1:colcon.colcon_core.package_identification:_identify(.) by extension 'python_setup_py'
[0.605s] Level 1:colcon.colcon_core.package_identification:_identify(aruco) by extensions ['ignore', 'ignore_ament_install']
[0.605s] Level 1:colcon.colcon_core.package_identification:_identify(aruco) by extension 'ignore'
[0.605s] Level 1:colcon.colcon_core.package_identification:_identify(aruco) by extension 'ignore_ament_install'
[0.605s] Level 1:colcon.colcon_core.package_identification:_identify(aruco) by extensions ['colcon_pkg']
[0.605s] Level 1:colcon.colcon_core.package_identification:_identify(aruco) by extension 'colcon_pkg'
[0.605s] Level 1:colcon.colcon_core.package_identification:_identify(aruco) by extensions ['colcon_meta']
[0.605s] Level 1:colcon.colcon_core.package_identification:_identify(aruco) by extension 'colcon_meta'
[0.605s] Level 1:colcon.colcon_core.package_identification:_identify(aruco) by extensions ['ros']
[0.606s] Level 1:colcon.colcon_core.package_identification:_identify(aruco) by extension 'ros'
[0.610s] DEBUG:colcon.colcon_core.package_identification:Package 'aruco' with type 'ros.ament_cmake' and name 'aruco'
[0.610s] Level 1:colcon.colcon_core.package_identification:_identify(aruco_msgs) by extensions ['ignore', 'ignore_ament_install']
[0.610s] Level 1:colcon.colcon_core.package_identification:_identify(aruco_msgs) by extension 'ignore'
[0.610s] Level 1:colcon.colcon_core.package_identification:_identify(aruco_msgs) by extension 'ignore_ament_install'
[0.610s] Level 1:colcon.colcon_core.package_identification:_identify(aruco_msgs) by extensions ['colcon_pkg']
[0.610s] Level 1:colcon.colcon_core.package_identification:_identify(aruco_msgs) by extension 'colcon_pkg'
[0.610s] Level 1:colcon.colcon_core.package_identification:_identify(aruco_msgs) by extensions ['colcon_meta']
[0.610s] Level 1:colcon.colcon_core.package_identification:_identify(aruco_msgs) by extension 'colcon_meta'
[0.610s] Level 1:colcon.colcon_core.package_identification:_identify(aruco_msgs) by extensions ['ros']
[0.611s] Level 1:colcon.colcon_core.package_identification:_identify(aruco_msgs) by extension 'ros'
[0.611s] DEBUG:colcon.colcon_core.package_identification:Package 'aruco_msgs' with type 'ros.ament_cmake' and name 'aruco_msgs'
[0.612s] Level 1:colcon.colcon_core.package_identification:_identify(aruco_ros) by extensions ['ignore', 'ignore_ament_install']
[0.612s] Level 1:colcon.colcon_core.package_identification:_identify(aruco_ros) by extension 'ignore'
[0.612s] Level 1:colcon.colcon_core.package_identification:_identify(aruco_ros) by extension 'ignore_ament_install'
[0.612s] Level 1:colcon.colcon_core.package_identification:_identify(aruco_ros) by extensions ['colcon_pkg']
[0.612s] Level 1:colcon.colcon_core.package_identification:_identify(aruco_ros) by extension 'colcon_pkg'
[0.612s] Level 1:colcon.colcon_core.package_identification:_identify(aruco_ros) by extensions ['colcon_meta']
[0.612s] Level 1:colcon.colcon_core.package_identification:_identify(aruco_ros) by extension 'colcon_meta'
[0.612s] Level 1:colcon.colcon_core.package_identification:_identify(aruco_ros) by extensions ['ros']
[0.612s] Level 1:colcon.colcon_core.package_identification:_identify(aruco_ros) by extension 'ros'
[0.614s] DEBUG:colcon.colcon_core.package_identification:Package 'aruco_ros' with type 'ros.ament_cmake' and name 'aruco_ros'
[0.614s] Level 1:colcon.colcon_core.package_identification:_identify(build) by extensions ['ignore', 'ignore_ament_install']
[0.615s] Level 1:colcon.colcon_core.package_identification:_identify(build) by extension 'ignore'
[0.615s] Level 1:colcon.colcon_core.package_identification:_identify(build) ignored
[0.615s] Level 1:colcon.colcon_core.package_identification:_identify(install) by extensions ['ignore', 'ignore_ament_install']
[0.615s] Level 1:colcon.colcon_core.package_identification:_identify(install) by extension 'ignore'
[0.615s] Level 1:colcon.colcon_core.package_identification:_identify(install) ignored
[0.615s] Level 1:colcon.colcon_core.package_identification:_identify(log) by extensions ['ignore', 'ignore_ament_install']
[0.615s] Level 1:colcon.colcon_core.package_identification:_identify(log) by extension 'ignore'
[0.615s] Level 1:colcon.colcon_core.package_identification:_identify(log) ignored
[0.615s] Level 1:colcon.colcon_core.package_discovery:discover_packages(recursive) using defaults
[0.615s] Level 1:colcon.colcon_core.package_discovery:discover_packages(ignore) discover
[0.615s] Level 1:colcon.colcon_core.package_discovery:discover_packages(ignore) using defaults
[0.616s] Level 1:colcon.colcon_core.package_discovery:discover_packages(path) discover
[0.616s] Level 1:colcon.colcon_core.package_discovery:discover_packages(path) using defaults
[0.658s] Level 5:colcon.colcon_core.verb:set package 'aruco' build argument 'cmake_args' from command line to 'None'
[0.658s] Level 5:colcon.colcon_core.verb:set package 'aruco' build argument 'cmake_target' from command line to 'None'
[0.658s] Level 5:colcon.colcon_core.verb:set package 'aruco' build argument 'cmake_target_skip_unavailable' from command line to 'False'
[0.658s] Level 5:colcon.colcon_core.verb:set package 'aruco' build argument 'cmake_clean_cache' from command line to 'False'
[0.658s] Level 5:colcon.colcon_core.verb:set package 'aruco' build argument 'cmake_clean_first' from command line to 'False'
[0.658s] Level 5:colcon.colcon_core.verb:set package 'aruco' build argument 'cmake_force_configure' from command line to 'False'
[0.658s] Level 5:colcon.colcon_core.verb:set package 'aruco' build argument 'ament_cmake_args' from command line to 'None'
[0.658s] Level 5:colcon.colcon_core.verb:set package 'aruco' build argument 'catkin_cmake_args' from command line to 'None'
[0.658s] Level 5:colcon.colcon_core.verb:set package 'aruco' build argument 'catkin_skip_building_tests' from command line to 'False'
[0.658s] DEBUG:colcon.colcon_core.verb:Building package 'aruco' with the following arguments: {'ament_cmake_args': None, 'build_base': '/home/user/ros2_ws/src/aruco_ros/build/aruco', 'catkin_cmake_args': None, 'catkin_skip_building_tests': False, 'cmake_args': None, 'cmake_clean_cache': False, 'cmake_clean_first': False, 'cmake_force_configure': False, 'cmake_target': None, 'cmake_target_skip_unavailable': False, 'install_base': '/home/user/ros2_ws/src/aruco_ros/install/aruco', 'merge_install': False, 'path': '/home/user/ros2_ws/src/aruco_ros/aruco', 'symlink_install': False, 'test_result_base': None}
[0.658s] Level 5:colcon.colcon_core.verb:set package 'aruco_msgs' build argument 'cmake_args' from command line to 'None'
[0.658s] Level 5:colcon.colcon_core.verb:set package 'aruco_msgs' build argument 'cmake_target' from command line to 'None'
[0.658s] Level 5:colcon.colcon_core.verb:set package 'aruco_msgs' build argument 'cmake_target_skip_unavailable' from command line to 'False'
[0.658s] Level 5:colcon.colcon_core.verb:set package 'aruco_msgs' build argument 'cmake_clean_cache' from command line to 'False'
[0.658s] Level 5:colcon.colcon_core.verb:set package 'aruco_msgs' build argument 'cmake_clean_first' from command line to 'False'
[0.658s] Level 5:colcon.colcon_core.verb:set package 'aruco_msgs' build argument 'cmake_force_configure' from command line to 'False'
[0.658s] Level 5:colcon.colcon_core.verb:set package 'aruco_msgs' build argument 'ament_cmake_args' from command line to 'None'
[0.658s] Level 5:colcon.colcon_core.verb:set package 'aruco_msgs' build argument 'catkin_cmake_args' from command line to 'None'
[0.658s] Level 5:colcon.colcon_core.verb:set package 'aruco_msgs' build argument 'catkin_skip_building_tests' from command line to 'False'
[0.659s] DEBUG:colcon.colcon_core.verb:Building package 'aruco_msgs' with the following arguments: {'ament_cmake_args': None, 'build_base': '/home/user/ros2_ws/src/aruco_ros/build/aruco_msgs', 'catkin_cmake_args': None, 'catkin_skip_building_tests': False, 'cmake_args': None, 'cmake_clean_cache': False, 'cmake_clean_first': False, 'cmake_force_configure': False, 'cmake_target': None, 'cmake_target_skip_unavailable': False, 'install_base': '/home/user/ros2_ws/src/aruco_ros/install/aruco_msgs', 'merge_install': False, 'path': '/home/user/ros2_ws/src/aruco_ros/aruco_msgs', 'symlink_install': False, 'test_result_base': None}
[0.659s] Level 5:colcon.colcon_core.verb:set package 'aruco_ros' build argument 'cmake_args' from command line to 'None'
[0.659s] Level 5:colcon.colcon_core.verb:set package 'aruco_ros' build argument 'cmake_target' from command line to 'None'
[0.659s] Level 5:colcon.colcon_core.verb:set package 'aruco_ros' build argument 'cmake_target_skip_unavailable' from command line to 'False'
[0.659s] Level 5:colcon.colcon_core.verb:set package 'aruco_ros' build argument 'cmake_clean_cache' from command line to 'False'
[0.659s] Level 5:colcon.colcon_core.verb:set package 'aruco_ros' build argument 'cmake_clean_first' from command line to 'False'
[0.659s] Level 5:colcon.colcon_core.verb:set package 'aruco_ros' build argument 'cmake_force_configure' from command line to 'False'
[0.659s] Level 5:colcon.colcon_core.verb:set package 'aruco_ros' build argument 'ament_cmake_args' from command line to 'None'
[0.659s] Level 5:colcon.colcon_core.verb:set package 'aruco_ros' build argument 'catkin_cmake_args' from command line to 'None'
[0.659s] Level 5:colcon.colcon_core.verb:set package 'aruco_ros' build argument 'catkin_skip_building_tests' from command line to 'False'
[0.659s] DEBUG:colcon.colcon_core.verb:Building package 'aruco_ros' with the following arguments: {'ament_cmake_args': None, 'build_base': '/home/user/ros2_ws/src/aruco_ros/build/aruco_ros', 'catkin_cmake_args': None, 'catkin_skip_building_tests': False, 'cmake_args': None, 'cmake_clean_cache': False, 'cmake_clean_first': False, 'cmake_force_configure': False, 'cmake_target': None, 'cmake_target_skip_unavailable': False, 'install_base': '/home/user/ros2_ws/src/aruco_ros/install/aruco_ros', 'merge_install': False, 'path': '/home/user/ros2_ws/src/aruco_ros/aruco_ros', 'symlink_install': False, 'test_result_base': None}
[0.659s] INFO:colcon.colcon_core.executor:Executing jobs using 'parallel' executor
[0.661s] DEBUG:colcon.colcon_parallel_executor.executor.parallel:run_until_complete
[0.661s] INFO:colcon.colcon_ros.task.ament_cmake.build:Building ROS package in '/home/user/ros2_ws/src/aruco_ros/aruco' with build type 'ament_cmake'
[0.661s] INFO:colcon.colcon_cmake.task.cmake.build:Building CMake package in '/home/user/ros2_ws/src/aruco_ros/aruco'
[0.667s] INFO:colcon.colcon_core.plugin_system:Skipping extension 'colcon_core.shell.bat': Not used on non-Windows systems
[0.667s] INFO:colcon.colcon_core.shell:Skip shell extension 'powershell' for command environment: Not usable outside of PowerShell
[0.667s] DEBUG:colcon.colcon_core.shell:Skip shell extension 'dsv' for command environment
[0.677s] INFO:colcon.colcon_ros.task.ament_cmake.build:Building ROS package in '/home/user/ros2_ws/src/aruco_ros/aruco_msgs' with build type 'ament_cmake'
[0.677s] INFO:colcon.colcon_cmake.task.cmake.build:Building CMake package in '/home/user/ros2_ws/src/aruco_ros/aruco_msgs'
[0.678s] INFO:colcon.colcon_core.shell:Skip shell extension 'powershell' for command environment: Not usable outside of PowerShell
[0.678s] DEBUG:colcon.colcon_core.shell:Skip shell extension 'dsv' for command environment
[0.686s] DEBUG:colcon.colcon_core.event_handler.log_command:Invoking command in '/home/user/ros2_ws/src/aruco_ros/build/aruco': CMAKE_PREFIX_PATH=/opt/ros/humble /usr/bin/cmake /home/user/ros2_ws/src/aruco_ros/aruco -DCMAKE_INSTALL_PREFIX=/home/user/ros2_ws/src/aruco_ros/install/aruco
[0.695s] DEBUG:colcon.colcon_core.event_handler.log_command:Invoking command in '/home/user/ros2_ws/src/aruco_ros/build/aruco_msgs': CMAKE_PREFIX_PATH=/opt/ros/humble /usr/bin/cmake /home/user/ros2_ws/src/aruco_ros/aruco_msgs -DCMAKE_INSTALL_PREFIX=/home/user/ros2_ws/src/aruco_ros/install/aruco_msgs
[1.971s] DEBUG:colcon.colcon_core.event_handler.log_command:Invoked command in '/home/user/ros2_ws/src/aruco_ros/build/aruco' returned '0': CMAKE_PREFIX_PATH=/opt/ros/humble /usr/bin/cmake /home/user/ros2_ws/src/aruco_ros/aruco -DCMAKE_INSTALL_PREFIX=/home/user/ros2_ws/src/aruco_ros/install/aruco
[1.972s] DEBUG:colcon.colcon_core.event_handler.log_command:Invoking command in '/home/user/ros2_ws/src/aruco_ros/build/aruco': CMAKE_PREFIX_PATH=/opt/ros/humble /usr/bin/cmake --build /home/user/ros2_ws/src/aruco_ros/build/aruco -- -j4 -l4
[5.729s] DEBUG:colcon.colcon_core.event_handler.log_command:Invoked command in '/home/user/ros2_ws/src/aruco_ros/build/aruco_msgs' returned '0': CMAKE_PREFIX_PATH=/opt/ros/humble /usr/bin/cmake /home/user/ros2_ws/src/aruco_ros/aruco_msgs -DCMAKE_INSTALL_PREFIX=/home/user/ros2_ws/src/aruco_ros/install/aruco_msgs
[5.733s] DEBUG:colcon.colcon_core.event_handler.log_command:Invoking command in '/home/user/ros2_ws/src/aruco_ros/build/aruco_msgs': CMAKE_PREFIX_PATH=/opt/ros/humble /usr/bin/cmake --build /home/user/ros2_ws/src/aruco_ros/build/aruco_msgs -- -j4 -l4
[15.737s] DEBUG:colcon.colcon_core.event_handler.log_command:Invoked command in '/home/user/ros2_ws/src/aruco_ros/build/aruco_msgs' returned '0': CMAKE_PREFIX_PATH=/opt/ros/humble /usr/bin/cmake --build /home/user/ros2_ws/src/aruco_ros/build/aruco_msgs -- -j4 -l4
[15.751s] DEBUG:colcon.colcon_core.event_handler.log_command:Invoking command in '/home/user/ros2_ws/src/aruco_ros/build/aruco_msgs': CMAKE_PREFIX_PATH=/opt/ros/humble /usr/bin/cmake --install /home/user/ros2_ws/src/aruco_ros/build/aruco_msgs
[15.860s] Level 1:colcon.colcon_core.environment:create_environment_scripts_only(aruco_msgs)
[15.861s] DEBUG:colcon.colcon_core.event_handler.log_command:Invoked command in '/home/user/ros2_ws/src/aruco_ros/build/aruco_msgs' returned '0': CMAKE_PREFIX_PATH=/opt/ros/humble /usr/bin/cmake --install /home/user/ros2_ws/src/aruco_ros/build/aruco_msgs
[15.870s] Level 1:colcon.colcon_core.environment:checking '/home/user/ros2_ws/src/aruco_ros/install/aruco_msgs' for CMake module files
[15.871s] Level 1:colcon.colcon_core.environment:checking '/home/user/ros2_ws/src/aruco_ros/install/aruco_msgs' for CMake config files
[15.871s] Level 1:colcon.colcon_core.shell:create_environment_hook('aruco_msgs', 'cmake_prefix_path')
[15.872s] INFO:colcon.colcon_core.shell:Creating environment hook '/home/user/ros2_ws/src/aruco_ros/install/aruco_msgs/share/aruco_msgs/hook/cmake_prefix_path.ps1'
[15.873s] INFO:colcon.colcon_core.shell:Creating environment descriptor '/home/user/ros2_ws/src/aruco_ros/install/aruco_msgs/share/aruco_msgs/hook/cmake_prefix_path.dsv'
[15.874s] INFO:colcon.colcon_core.shell:Creating environment hook '/home/user/ros2_ws/src/aruco_ros/install/aruco_msgs/share/aruco_msgs/hook/cmake_prefix_path.sh'
[15.876s] Level 1:colcon.colcon_core.environment:checking '/home/user/ros2_ws/src/aruco_ros/install/aruco_msgs/lib'
[15.876s] Level 1:colcon.colcon_core.shell:create_environment_hook('aruco_msgs', 'ld_library_path_lib')
[15.876s] INFO:colcon.colcon_core.shell:Creating environment hook '/home/user/ros2_ws/src/aruco_ros/install/aruco_msgs/share/aruco_msgs/hook/ld_library_path_lib.ps1'
[15.877s] INFO:colcon.colcon_core.shell:Creating environment descriptor '/home/user/ros2_ws/src/aruco_ros/install/aruco_msgs/share/aruco_msgs/hook/ld_library_path_lib.dsv'
[15.877s] INFO:colcon.colcon_core.shell:Creating environment hook '/home/user/ros2_ws/src/aruco_ros/install/aruco_msgs/share/aruco_msgs/hook/ld_library_path_lib.sh'
[15.878s] Level 1:colcon.colcon_core.environment:checking '/home/user/ros2_ws/src/aruco_ros/install/aruco_msgs/bin'
[15.878s] Level 1:colcon.colcon_core.environment:checking '/home/user/ros2_ws/src/aruco_ros/install/aruco_msgs/lib/pkgconfig/aruco_msgs.pc'
[15.880s] Level 1:colcon.colcon_core.environment:checking '/home/user/ros2_ws/src/aruco_ros/install/aruco_msgs/lib/python3.10/site-packages'
[15.881s] Level 1:colcon.colcon_core.environment:checking '/home/user/ros2_ws/src/aruco_ros/install/aruco_msgs/bin'
[15.881s] INFO:colcon.colcon_core.shell:Creating package script '/home/user/ros2_ws/src/aruco_ros/install/aruco_msgs/share/aruco_msgs/package.ps1'
[15.883s] INFO:colcon.colcon_core.shell:Creating package descriptor '/home/user/ros2_ws/src/aruco_ros/install/aruco_msgs/share/aruco_msgs/package.dsv'
[15.886s] INFO:colcon.colcon_core.shell:Creating package script '/home/user/ros2_ws/src/aruco_ros/install/aruco_msgs/share/aruco_msgs/package.sh'
[15.887s] INFO:colcon.colcon_core.shell:Creating package script '/home/user/ros2_ws/src/aruco_ros/install/aruco_msgs/share/aruco_msgs/package.bash'
[15.890s] INFO:colcon.colcon_core.shell:Creating package script '/home/user/ros2_ws/src/aruco_ros/install/aruco_msgs/share/aruco_msgs/package.zsh'
[15.891s] Level 1:colcon.colcon_core.environment:create_file_with_runtime_dependencies(/home/user/ros2_ws/src/aruco_ros/install/aruco_msgs/share/colcon-core/packages/aruco_msgs)
[15.892s] Level 1:colcon.colcon_core.environment:create_environment_scripts_only(aruco_msgs)
[15.892s] Level 1:colcon.colcon_core.environment:checking '/home/user/ros2_ws/src/aruco_ros/install/aruco_msgs' for CMake module files
[15.894s] Level 1:colcon.colcon_core.environment:checking '/home/user/ros2_ws/src/aruco_ros/install/aruco_msgs' for CMake config files
[15.896s] Level 1:colcon.colcon_core.shell:create_environment_hook('aruco_msgs', 'cmake_prefix_path')
[15.896s] INFO:colcon.colcon_core.shell:Creating environment hook '/home/user/ros2_ws/src/aruco_ros/install/aruco_msgs/share/aruco_msgs/hook/cmake_prefix_path.ps1'
[15.897s] INFO:colcon.colcon_core.shell:Creating environment descriptor '/home/user/ros2_ws/src/aruco_ros/install/aruco_msgs/share/aruco_msgs/hook/cmake_prefix_path.dsv'
[15.897s] INFO:colcon.colcon_core.shell:Creating environment hook '/home/user/ros2_ws/src/aruco_ros/install/aruco_msgs/share/aruco_msgs/hook/cmake_prefix_path.sh'
[15.898s] Level 1:colcon.colcon_core.environment:checking '/home/user/ros2_ws/src/aruco_ros/install/aruco_msgs/lib'
[15.898s] Level 1:colcon.colcon_core.shell:create_environment_hook('aruco_msgs', 'ld_library_path_lib')
[15.898s] INFO:colcon.colcon_core.shell:Creating environment hook '/home/user/ros2_ws/src/aruco_ros/install/aruco_msgs/share/aruco_msgs/hook/ld_library_path_lib.ps1'
[15.899s] INFO:colcon.colcon_core.shell:Creating environment descriptor '/home/user/ros2_ws/src/aruco_ros/install/aruco_msgs/share/aruco_msgs/hook/ld_library_path_lib.dsv'
[15.899s] INFO:colcon.colcon_core.shell:Creating environment hook '/home/user/ros2_ws/src/aruco_ros/install/aruco_msgs/share/aruco_msgs/hook/ld_library_path_lib.sh'
[15.900s] Level 1:colcon.colcon_core.environment:checking '/home/user/ros2_ws/src/aruco_ros/install/aruco_msgs/bin'
[15.900s] Level 1:colcon.colcon_core.environment:checking '/home/user/ros2_ws/src/aruco_ros/install/aruco_msgs/lib/pkgconfig/aruco_msgs.pc'
[15.900s] Level 1:colcon.colcon_core.environment:checking '/home/user/ros2_ws/src/aruco_ros/install/aruco_msgs/lib/python3.10/site-packages'
[15.901s] Level 1:colcon.colcon_core.environment:checking '/home/user/ros2_ws/src/aruco_ros/install/aruco_msgs/bin'
[15.901s] INFO:colcon.colcon_core.shell:Creating package script '/home/user/ros2_ws/src/aruco_ros/install/aruco_msgs/share/aruco_msgs/package.ps1'
[15.902s] INFO:colcon.colcon_core.shell:Creating package descriptor '/home/user/ros2_ws/src/aruco_ros/install/aruco_msgs/share/aruco_msgs/package.dsv'
[15.906s] INFO:colcon.colcon_core.shell:Creating package script '/home/user/ros2_ws/src/aruco_ros/install/aruco_msgs/share/aruco_msgs/package.sh'
[15.907s] INFO:colcon.colcon_core.shell:Creating package script '/home/user/ros2_ws/src/aruco_ros/install/aruco_msgs/share/aruco_msgs/package.bash'
[15.907s] INFO:colcon.colcon_core.shell:Creating package script '/home/user/ros2_ws/src/aruco_ros/install/aruco_msgs/share/aruco_msgs/package.zsh'
[15.908s] Level 1:colcon.colcon_core.environment:create_file_with_runtime_dependencies(/home/user/ros2_ws/src/aruco_ros/install/aruco_msgs/share/colcon-core/packages/aruco_msgs)
[19.151s] DEBUG:colcon.colcon_core.event_handler.log_command:Invoked command in '/home/user/ros2_ws/src/aruco_ros/build/aruco' returned '0': CMAKE_PREFIX_PATH=/opt/ros/humble /usr/bin/cmake --build /home/user/ros2_ws/src/aruco_ros/build/aruco -- -j4 -l4
[19.155s] DEBUG:colcon.colcon_core.event_handler.log_command:Invoking command in '/home/user/ros2_ws/src/aruco_ros/build/aruco': CMAKE_PREFIX_PATH=/opt/ros/humble /usr/bin/cmake --install /home/user/ros2_ws/src/aruco_ros/build/aruco
[19.183s] Level 1:colcon.colcon_core.environment:create_environment_scripts_only(aruco)
[19.184s] Level 1:colcon.colcon_core.environment:checking '/home/user/ros2_ws/src/aruco_ros/install/aruco' for CMake module files
[19.184s] DEBUG:colcon.colcon_core.event_handler.log_command:Invoked command in '/home/user/ros2_ws/src/aruco_ros/build/aruco' returned '0': CMAKE_PREFIX_PATH=/opt/ros/humble /usr/bin/cmake --install /home/user/ros2_ws/src/aruco_ros/build/aruco
[19.185s] Level 1:colcon.colcon_core.environment:checking '/home/user/ros2_ws/src/aruco_ros/install/aruco' for CMake config files
[19.185s] Level 1:colcon.colcon_core.shell:create_environment_hook('aruco', 'cmake_prefix_path')
[19.186s] INFO:colcon.colcon_core.shell:Creating environment hook '/home/user/ros2_ws/src/aruco_ros/install/aruco/share/aruco/hook/cmake_prefix_path.ps1'
[19.186s] INFO:colcon.colcon_core.shell:Creating environment descriptor '/home/user/ros2_ws/src/aruco_ros/install/aruco/share/aruco/hook/cmake_prefix_path.dsv'
[19.187s] INFO:colcon.colcon_core.shell:Creating environment hook '/home/user/ros2_ws/src/aruco_ros/install/aruco/share/aruco/hook/cmake_prefix_path.sh'
[19.188s] Level 1:colcon.colcon_core.environment:checking '/home/user/ros2_ws/src/aruco_ros/install/aruco/lib'
[19.188s] Level 1:colcon.colcon_core.shell:create_environment_hook('aruco', 'ld_library_path_lib')
[19.188s] INFO:colcon.colcon_core.shell:Creating environment hook '/home/user/ros2_ws/src/aruco_ros/install/aruco/share/aruco/hook/ld_library_path_lib.ps1'
[19.190s] INFO:colcon.colcon_core.shell:Creating environment descriptor '/home/user/ros2_ws/src/aruco_ros/install/aruco/share/aruco/hook/ld_library_path_lib.dsv'
[19.190s] INFO:colcon.colcon_core.shell:Creating environment hook '/home/user/ros2_ws/src/aruco_ros/install/aruco/share/aruco/hook/ld_library_path_lib.sh'
[19.191s] Level 1:colcon.colcon_core.environment:checking '/home/user/ros2_ws/src/aruco_ros/install/aruco/bin'
[19.191s] Level 1:colcon.colcon_core.environment:checking '/home/user/ros2_ws/src/aruco_ros/install/aruco/lib/pkgconfig/aruco.pc'
[19.192s] Level 1:colcon.colcon_core.environment:checking '/home/user/ros2_ws/src/aruco_ros/install/aruco/lib/python3.10/site-packages'
[19.192s] Level 1:colcon.colcon_core.environment:checking '/home/user/ros2_ws/src/aruco_ros/install/aruco/bin'
[19.193s] INFO:colcon.colcon_core.shell:Creating package script '/home/user/ros2_ws/src/aruco_ros/install/aruco/share/aruco/package.ps1'
[19.193s] INFO:colcon.colcon_core.shell:Creating package descriptor '/home/user/ros2_ws/src/aruco_ros/install/aruco/share/aruco/package.dsv'
[19.194s] INFO:colcon.colcon_core.shell:Creating package script '/home/user/ros2_ws/src/aruco_ros/install/aruco/share/aruco/package.sh'
[19.195s] INFO:colcon.colcon_core.shell:Creating package script '/home/user/ros2_ws/src/aruco_ros/install/aruco/share/aruco/package.bash'
[19.196s] INFO:colcon.colcon_core.shell:Creating package script '/home/user/ros2_ws/src/aruco_ros/install/aruco/share/aruco/package.zsh'
[19.198s] Level 1:colcon.colcon_core.environment:create_file_with_runtime_dependencies(/home/user/ros2_ws/src/aruco_ros/install/aruco/share/colcon-core/packages/aruco)
[19.199s] Level 1:colcon.colcon_core.environment:create_environment_scripts_only(aruco)
[19.199s] Level 1:colcon.colcon_core.environment:checking '/home/user/ros2_ws/src/aruco_ros/install/aruco' for CMake module files
[19.200s] Level 1:colcon.colcon_core.environment:checking '/home/user/ros2_ws/src/aruco_ros/install/aruco' for CMake config files
[19.200s] Level 1:colcon.colcon_core.shell:create_environment_hook('aruco', 'cmake_prefix_path')
[19.200s] INFO:colcon.colcon_core.shell:Creating environment hook '/home/user/ros2_ws/src/aruco_ros/install/aruco/share/aruco/hook/cmake_prefix_path.ps1'
[19.201s] INFO:colcon.colcon_core.shell:Creating environment descriptor '/home/user/ros2_ws/src/aruco_ros/install/aruco/share/aruco/hook/cmake_prefix_path.dsv'
[19.203s] INFO:colcon.colcon_core.shell:Creating environment hook '/home/user/ros2_ws/src/aruco_ros/install/aruco/share/aruco/hook/cmake_prefix_path.sh'
[19.204s] Level 1:colcon.colcon_core.environment:checking '/home/user/ros2_ws/src/aruco_ros/install/aruco/lib'
[19.204s] Level 1:colcon.colcon_core.shell:create_environment_hook('aruco', 'ld_library_path_lib')
[19.204s] INFO:colcon.colcon_core.shell:Creating environment hook '/home/user/ros2_ws/src/aruco_ros/install/aruco/share/aruco/hook/ld_library_path_lib.ps1'
[19.205s] INFO:colcon.colcon_core.shell:Creating environment descriptor '/home/user/ros2_ws/src/aruco_ros/install/aruco/share/aruco/hook/ld_library_path_lib.dsv'
[19.208s] INFO:colcon.colcon_core.shell:Creating environment hook '/home/user/ros2_ws/src/aruco_ros/install/aruco/share/aruco/hook/ld_library_path_lib.sh'
[19.208s] Level 1:colcon.colcon_core.environment:checking '/home/user/ros2_ws/src/aruco_ros/install/aruco/bin'
[19.208s] Level 1:colcon.colcon_core.environment:checking '/home/user/ros2_ws/src/aruco_ros/install/aruco/lib/pkgconfig/aruco.pc'
[19.209s] Level 1:colcon.colcon_core.environment:checking '/home/user/ros2_ws/src/aruco_ros/install/aruco/lib/python3.10/site-packages'
[19.209s] Level 1:colcon.colcon_core.environment:checking '/home/user/ros2_ws/src/aruco_ros/install/aruco/bin'
[19.210s] INFO:colcon.colcon_core.shell:Creating package script '/home/user/ros2_ws/src/aruco_ros/install/aruco/share/aruco/package.ps1'
[19.210s] INFO:colcon.colcon_core.shell:Creating package descriptor '/home/user/ros2_ws/src/aruco_ros/install/aruco/share/aruco/package.dsv'
[19.211s] INFO:colcon.colcon_core.shell:Creating package script '/home/user/ros2_ws/src/aruco_ros/install/aruco/share/aruco/package.sh'
[19.212s] INFO:colcon.colcon_core.shell:Creating package script '/home/user/ros2_ws/src/aruco_ros/install/aruco/share/aruco/package.bash'
[19.213s] INFO:colcon.colcon_core.shell:Creating package script '/home/user/ros2_ws/src/aruco_ros/install/aruco/share/aruco/package.zsh'
[19.213s] Level 1:colcon.colcon_core.environment:create_file_with_runtime_dependencies(/home/user/ros2_ws/src/aruco_ros/install/aruco/share/colcon-core/packages/aruco)
[19.214s] INFO:colcon.colcon_ros.task.ament_cmake.build:Building ROS package in '/home/user/ros2_ws/src/aruco_ros/aruco_ros' with build type 'ament_cmake'
[19.214s] INFO:colcon.colcon_cmake.task.cmake.build:Building CMake package in '/home/user/ros2_ws/src/aruco_ros/aruco_ros'
[19.215s] INFO:colcon.colcon_core.shell:Skip shell extension 'powershell' for command environment: Not usable outside of PowerShell
[19.215s] DEBUG:colcon.colcon_core.shell:Skip shell extension 'dsv' for command environment
[19.240s] DEBUG:colcon.colcon_core.event_handler.log_command:Invoking command in '/home/user/ros2_ws/src/aruco_ros/build/aruco_ros': AMENT_PREFIX_PATH=/home/user/ros2_ws/src/aruco_ros/install/aruco_msgs:/home/user/ros2_ws/src/aruco_ros/install/aruco:${AMENT_PREFIX_PATH} CMAKE_PREFIX_PATH=/home/user/ros2_ws/src/aruco_ros/install/aruco_msgs:/home/user/ros2_ws/src/aruco_ros/install/aruco:/opt/ros/humble LD_LIBRARY_PATH=/home/user/ros2_ws/src/aruco_ros/install/aruco_msgs/lib:/home/user/ros2_ws/src/aruco_ros/install/aruco/lib:${LD_LIBRARY_PATH} PYTHONPATH=/home/user/ros2_ws/src/aruco_ros/install/aruco_msgs/local/lib/python3.10/dist-packages:${PYTHONPATH} /usr/bin/cmake /home/user/ros2_ws/src/aruco_ros/aruco_ros -DCMAKE_INSTALL_PREFIX=/home/user/ros2_ws/src/aruco_ros/install/aruco_ros
[21.498s] DEBUG:colcon.colcon_core.event_handler.log_command:Invoked command in '/home/user/ros2_ws/src/aruco_ros/build/aruco_ros' returned '0': AMENT_PREFIX_PATH=/home/user/ros2_ws/src/aruco_ros/install/aruco_msgs:/home/user/ros2_ws/src/aruco_ros/install/aruco:${AMENT_PREFIX_PATH} CMAKE_PREFIX_PATH=/home/user/ros2_ws/src/aruco_ros/install/aruco_msgs:/home/user/ros2_ws/src/aruco_ros/install/aruco:/opt/ros/humble LD_LIBRARY_PATH=/home/user/ros2_ws/src/aruco_ros/install/aruco_msgs/lib:/home/user/ros2_ws/src/aruco_ros/install/aruco/lib:${LD_LIBRARY_PATH} PYTHONPATH=/home/user/ros2_ws/src/aruco_ros/install/aruco_msgs/local/lib/python3.10/dist-packages:${PYTHONPATH} /usr/bin/cmake /home/user/ros2_ws/src/aruco_ros/aruco_ros -DCMAKE_INSTALL_PREFIX=/home/user/ros2_ws/src/aruco_ros/install/aruco_ros
[21.500s] DEBUG:colcon.colcon_core.event_handler.log_command:Invoking command in '/home/user/ros2_ws/src/aruco_ros/build/aruco_ros': AMENT_PREFIX_PATH=/home/user/ros2_ws/src/aruco_ros/install/aruco_msgs:/home/user/ros2_ws/src/aruco_ros/install/aruco:${AMENT_PREFIX_PATH} CMAKE_PREFIX_PATH=/home/user/ros2_ws/src/aruco_ros/install/aruco_msgs:/home/user/ros2_ws/src/aruco_ros/install/aruco:/opt/ros/humble LD_LIBRARY_PATH=/home/user/ros2_ws/src/aruco_ros/install/aruco_msgs/lib:/home/user/ros2_ws/src/aruco_ros/install/aruco/lib:${LD_LIBRARY_PATH} PYTHONPATH=/home/user/ros2_ws/src/aruco_ros/install/aruco_msgs/local/lib/python3.10/dist-packages:${PYTHONPATH} /usr/bin/cmake --build /home/user/ros2_ws/src/aruco_ros/build/aruco_ros -- -j4 -l4
[63.107s] DEBUG:colcon.colcon_core.event_handler.log_command:Invoked command in '/home/user/ros2_ws/src/aruco_ros/build/aruco_ros' returned '0': AMENT_PREFIX_PATH=/home/user/ros2_ws/src/aruco_ros/install/aruco_msgs:/home/user/ros2_ws/src/aruco_ros/install/aruco:${AMENT_PREFIX_PATH} CMAKE_PREFIX_PATH=/home/user/ros2_ws/src/aruco_ros/install/aruco_msgs:/home/user/ros2_ws/src/aruco_ros/install/aruco:/opt/ros/humble LD_LIBRARY_PATH=/home/user/ros2_ws/src/aruco_ros/install/aruco_msgs/lib:/home/user/ros2_ws/src/aruco_ros/install/aruco/lib:${LD_LIBRARY_PATH} PYTHONPATH=/home/user/ros2_ws/src/aruco_ros/install/aruco_msgs/local/lib/python3.10/dist-packages:${PYTHONPATH} /usr/bin/cmake --build /home/user/ros2_ws/src/aruco_ros/build/aruco_ros -- -j4 -l4
[63.109s] DEBUG:colcon.colcon_core.event_handler.log_command:Invoking command in '/home/user/ros2_ws/src/aruco_ros/build/aruco_ros': AMENT_PREFIX_PATH=/home/user/ros2_ws/src/aruco_ros/install/aruco_msgs:/home/user/ros2_ws/src/aruco_ros/install/aruco:${AMENT_PREFIX_PATH} CMAKE_PREFIX_PATH=/home/user/ros2_ws/src/aruco_ros/install/aruco_msgs:/home/user/ros2_ws/src/aruco_ros/install/aruco:/opt/ros/humble LD_LIBRARY_PATH=/home/user/ros2_ws/src/aruco_ros/install/aruco_msgs/lib:/home/user/ros2_ws/src/aruco_ros/install/aruco/lib:${LD_LIBRARY_PATH} PYTHONPATH=/home/user/ros2_ws/src/aruco_ros/install/aruco_msgs/local/lib/python3.10/dist-packages:${PYTHONPATH} /usr/bin/cmake --install /home/user/ros2_ws/src/aruco_ros/build/aruco_ros
[63.145s] Level 1:colcon.colcon_core.environment:create_environment_scripts_only(aruco_ros)
[63.145s] Level 1:colcon.colcon_core.environment:checking '/home/user/ros2_ws/src/aruco_ros/install/aruco_ros' for CMake module files
[63.145s] DEBUG:colcon.colcon_core.event_handler.log_command:Invoked command in '/home/user/ros2_ws/src/aruco_ros/build/aruco_ros' returned '0': AMENT_PREFIX_PATH=/home/user/ros2_ws/src/aruco_ros/install/aruco_msgs:/home/user/ros2_ws/src/aruco_ros/install/aruco:${AMENT_PREFIX_PATH} CMAKE_PREFIX_PATH=/home/user/ros2_ws/src/aruco_ros/install/aruco_msgs:/home/user/ros2_ws/src/aruco_ros/install/aruco:/opt/ros/humble LD_LIBRARY_PATH=/home/user/ros2_ws/src/aruco_ros/install/aruco_msgs/lib:/home/user/ros2_ws/src/aruco_ros/install/aruco/lib:${LD_LIBRARY_PATH} PYTHONPATH=/home/user/ros2_ws/src/aruco_ros/install/aruco_msgs/local/lib/python3.10/dist-packages:${PYTHONPATH} /usr/bin/cmake --install /home/user/ros2_ws/src/aruco_ros/build/aruco_ros
[63.146s] Level 1:colcon.colcon_core.environment:checking '/home/user/ros2_ws/src/aruco_ros/install/aruco_ros' for CMake config files
[63.146s] Level 1:colcon.colcon_core.shell:create_environment_hook('aruco_ros', 'cmake_prefix_path')
[63.146s] INFO:colcon.colcon_core.shell:Creating environment hook '/home/user/ros2_ws/src/aruco_ros/install/aruco_ros/share/aruco_ros/hook/cmake_prefix_path.ps1'
[63.147s] INFO:colcon.colcon_core.shell:Creating environment descriptor '/home/user/ros2_ws/src/aruco_ros/install/aruco_ros/share/aruco_ros/hook/cmake_prefix_path.dsv'
[63.147s] INFO:colcon.colcon_core.shell:Creating environment hook '/home/user/ros2_ws/src/aruco_ros/install/aruco_ros/share/aruco_ros/hook/cmake_prefix_path.sh'
[63.148s] Level 1:colcon.colcon_core.environment:checking '/home/user/ros2_ws/src/aruco_ros/install/aruco_ros/lib'
[63.148s] Level 1:colcon.colcon_core.shell:create_environment_hook('aruco_ros', 'ld_library_path_lib')
[63.148s] INFO:colcon.colcon_core.shell:Creating environment hook '/home/user/ros2_ws/src/aruco_ros/install/aruco_ros/share/aruco_ros/hook/ld_library_path_lib.ps1'
[63.148s] INFO:colcon.colcon_core.shell:Creating environment descriptor '/home/user/ros2_ws/src/aruco_ros/install/aruco_ros/share/aruco_ros/hook/ld_library_path_lib.dsv'
[63.149s] INFO:colcon.colcon_core.shell:Creating environment hook '/home/user/ros2_ws/src/aruco_ros/install/aruco_ros/share/aruco_ros/hook/ld_library_path_lib.sh'
[63.149s] Level 1:colcon.colcon_core.environment:checking '/home/user/ros2_ws/src/aruco_ros/install/aruco_ros/bin'
[63.149s] Level 1:colcon.colcon_core.environment:checking '/home/user/ros2_ws/src/aruco_ros/install/aruco_ros/lib/pkgconfig/aruco_ros.pc'
[63.149s] Level 1:colcon.colcon_core.environment:checking '/home/user/ros2_ws/src/aruco_ros/install/aruco_ros/lib/python3.10/site-packages'
[63.150s] Level 1:colcon.colcon_core.environment:checking '/home/user/ros2_ws/src/aruco_ros/install/aruco_ros/bin'
[63.152s] INFO:colcon.colcon_core.shell:Creating package script '/home/user/ros2_ws/src/aruco_ros/install/aruco_ros/share/aruco_ros/package.ps1'
[63.153s] INFO:colcon.colcon_core.shell:Creating package descriptor '/home/user/ros2_ws/src/aruco_ros/install/aruco_ros/share/aruco_ros/package.dsv'
[63.155s] INFO:colcon.colcon_core.shell:Creating package script '/home/user/ros2_ws/src/aruco_ros/install/aruco_ros/share/aruco_ros/package.sh'
[63.156s] INFO:colcon.colcon_core.shell:Creating package script '/home/user/ros2_ws/src/aruco_ros/install/aruco_ros/share/aruco_ros/package.bash'
[63.157s] INFO:colcon.colcon_core.shell:Creating package script '/home/user/ros2_ws/src/aruco_ros/install/aruco_ros/share/aruco_ros/package.zsh'
[63.157s] Level 1:colcon.colcon_core.environment:create_file_with_runtime_dependencies(/home/user/ros2_ws/src/aruco_ros/install/aruco_ros/share/colcon-core/packages/aruco_ros)
[63.158s] Level 1:colcon.colcon_core.environment:create_environment_scripts_only(aruco_ros)
[63.159s] Level 1:colcon.colcon_core.environment:checking '/home/user/ros2_ws/src/aruco_ros/install/aruco_ros' for CMake module files
[63.159s] Level 1:colcon.colcon_core.environment:checking '/home/user/ros2_ws/src/aruco_ros/install/aruco_ros' for CMake config files
[63.160s] Level 1:colcon.colcon_core.shell:create_environment_hook('aruco_ros', 'cmake_prefix_path')
[63.160s] INFO:colcon.colcon_core.shell:Creating environment hook '/home/user/ros2_ws/src/aruco_ros/install/aruco_ros/share/aruco_ros/hook/cmake_prefix_path.ps1'
[63.161s] INFO:colcon.colcon_core.shell:Creating environment descriptor '/home/user/ros2_ws/src/aruco_ros/install/aruco_ros/share/aruco_ros/hook/cmake_prefix_path.dsv'
[63.175s] INFO:colcon.colcon_core.shell:Creating environment hook '/home/user/ros2_ws/src/aruco_ros/install/aruco_ros/share/aruco_ros/hook/cmake_prefix_path.sh'
[63.176s] Level 1:colcon.colcon_core.environment:checking '/home/user/ros2_ws/src/aruco_ros/install/aruco_ros/lib'
[63.176s] Level 1:colcon.colcon_core.shell:create_environment_hook('aruco_ros', 'ld_library_path_lib')
[63.176s] INFO:colcon.colcon_core.shell:Creating environment hook '/home/user/ros2_ws/src/aruco_ros/install/aruco_ros/share/aruco_ros/hook/ld_library_path_lib.ps1'
[63.177s] INFO:colcon.colcon_core.shell:Creating environment descriptor '/home/user/ros2_ws/src/aruco_ros/install/aruco_ros/share/aruco_ros/hook/ld_library_path_lib.dsv'
[63.177s] INFO:colcon.colcon_core.shell:Creating environment hook '/home/user/ros2_ws/src/aruco_ros/install/aruco_ros/share/aruco_ros/hook/ld_library_path_lib.sh'
[63.177s] Level 1:colcon.colcon_core.environment:checking '/home/user/ros2_ws/src/aruco_ros/install/aruco_ros/bin'
[63.178s] Level 1:colcon.colcon_core.environment:checking '/home/user/ros2_ws/src/aruco_ros/install/aruco_ros/lib/pkgconfig/aruco_ros.pc'
[63.178s] Level 1:colcon.colcon_core.environment:checking '/home/user/ros2_ws/src/aruco_ros/install/aruco_ros/lib/python3.10/site-packages'
[63.178s] Level 1:colcon.colcon_core.environment:checking '/home/user/ros2_ws/src/aruco_ros/install/aruco_ros/bin'
[63.179s] INFO:colcon.colcon_core.shell:Creating package script '/home/user/ros2_ws/src/aruco_ros/install/aruco_ros/share/aruco_ros/package.ps1'
[63.179s] INFO:colcon.colcon_core.shell:Creating package descriptor '/home/user/ros2_ws/src/aruco_ros/install/aruco_ros/share/aruco_ros/package.dsv'
[63.180s] INFO:colcon.colcon_core.shell:Creating package script '/home/user/ros2_ws/src/aruco_ros/install/aruco_ros/share/aruco_ros/package.sh'
[63.181s] INFO:colcon.colcon_core.shell:Creating package script '/home/user/ros2_ws/src/aruco_ros/install/aruco_ros/share/aruco_ros/package.bash'
[63.181s] INFO:colcon.colcon_core.shell:Creating package script '/home/user/ros2_ws/src/aruco_ros/install/aruco_ros/share/aruco_ros/package.zsh'
[63.182s] Level 1:colcon.colcon_core.environment:create_file_with_runtime_dependencies(/home/user/ros2_ws/src/aruco_ros/install/aruco_ros/share/colcon-core/packages/aruco_ros)
[63.182s] DEBUG:colcon.colcon_parallel_executor.executor.parallel:closing loop
[63.182s] DEBUG:colcon.colcon_parallel_executor.executor.parallel:loop closed
[63.182s] DEBUG:colcon.colcon_parallel_executor.executor.parallel:run_until_complete finished with '0'
[63.182s] DEBUG:colcon.colcon_core.event_reactor:joining thread
[63.197s] INFO:colcon.colcon_core.plugin_system:Skipping extension 'colcon_notification.desktop_notification.notify_send': Could not find 'notify-send'
[63.197s] INFO:colcon.colcon_core.plugin_system:Skipping extension 'colcon_notification.desktop_notification.terminal_notifier': Not used on non-Darwin systems
[63.198s] INFO:colcon.colcon_core.plugin_system:Skipping extension 'colcon_notification.desktop_notification.win32': Not used on non-Windows systems
[63.198s] INFO:colcon.colcon_notification.desktop_notification:Sending desktop notification using 'notify2'
[63.201s] DEBUG:colcon.colcon_notification.desktop_notification.notify2:Failed to initialize notify2: org.freedesktop.DBus.Error.Spawn.ExecFailed: /usr/bin/dbus-launch terminated abnormally without any error message
[63.201s] DEBUG:colcon.colcon_core.event_reactor:joined thread
[63.202s] INFO:colcon.colcon_core.shell:Creating prefix script '/home/user/ros2_ws/src/aruco_ros/install/local_setup.ps1'
[63.204s] INFO:colcon.colcon_core.shell:Creating prefix util module '/home/user/ros2_ws/src/aruco_ros/install/_local_setup_util_ps1.py'
[63.207s] INFO:colcon.colcon_core.shell:Creating prefix chain script '/home/user/ros2_ws/src/aruco_ros/install/setup.ps1'
[63.209s] INFO:colcon.colcon_core.shell:Creating prefix script '/home/user/ros2_ws/src/aruco_ros/install/local_setup.sh'
[63.210s] INFO:colcon.colcon_core.shell:Creating prefix util module '/home/user/ros2_ws/src/aruco_ros/install/_local_setup_util_sh.py'
[63.210s] INFO:colcon.colcon_core.shell:Creating prefix chain script '/home/user/ros2_ws/src/aruco_ros/install/setup.sh'
[63.212s] INFO:colcon.colcon_core.shell:Creating prefix script '/home/user/ros2_ws/src/aruco_ros/install/local_setup.bash'
[63.212s] INFO:colcon.colcon_core.shell:Creating prefix chain script '/home/user/ros2_ws/src/aruco_ros/install/setup.bash'
[63.214s] INFO:colcon.colcon_core.shell:Creating prefix script '/home/user/ros2_ws/src/aruco_ros/install/local_setup.zsh'
[63.215s] INFO:colcon.colcon_core.shell:Creating prefix chain script '/home/user/ros2_ws/src/aruco_ros/install/setup.zsh'
