[0.017s] Invoking command in '/home/user/ros2_ws/src/aruco_ros/build/aruco_msgs': CMAKE_PREFIX_PATH=/opt/ros/humble /usr/bin/cmake /home/user/ros2_ws/src/aruco_ros/aruco_msgs -DCMAKE_INSTALL_PREFIX=/home/user/ros2_ws/src/aruco_ros/install/aruco_msgs
[0.294s] -- The C compiler identification is GNU 11.4.0
[0.469s] -- The CXX compiler identification is GNU 11.4.0
[0.485s] -- Detecting C compiler ABI info
[0.607s] -- Detecting C compiler ABI info - done
[0.619s] -- Check for working C compiler: /usr/bin/cc - skipped
[0.620s] -- Detecting C compile features
[0.624s] -- Detecting C compile features - done
[0.628s] -- Detecting CXX compiler ABI info
[0.760s] -- Detecting CXX compiler ABI info - done
[0.769s] -- Check for working CXX compiler: /usr/bin/c++ - skipped
[0.770s] -- Detecting CXX compile features
[0.770s] -- Detecting CXX compile features - done
[0.774s] -- Found ament_cmake: 1.3.12 (/opt/ros/humble/share/ament_cmake/cmake)
[0.980s] -- Found Python3: /usr/bin/python3 (found version "3.10.12") found components: Interpreter 
[1.144s] -- Found std_msgs: 4.9.0 (/opt/ros/humble/share/std_msgs/cmake)
[1.230s] -- Found rosidl_generator_c: 3.1.7 (/opt/ros/humble/share/rosidl_generator_c/cmake)
[1.243s] -- Found rosidl_adapter: 3.1.7 (/opt/ros/humble/share/rosidl_adapter/cmake)
[1.263s] -- Found rosidl_generator_cpp: 3.1.7 (/opt/ros/humble/share/rosidl_generator_cpp/cmake)
[1.291s] -- Using all available rosidl_typesupport_c: rosidl_typesupport_fastrtps_c;rosidl_typesupport_introspection_c
[1.331s] -- Using all available rosidl_typesupport_cpp: rosidl_typesupport_fastrtps_cpp;rosidl_typesupport_introspection_cpp
[1.398s] -- Found geometry_msgs: 4.9.0 (/opt/ros/humble/share/geometry_msgs/cmake)
[1.440s] -- Found rosidl_default_generators: 1.2.0 (/opt/ros/humble/share/rosidl_default_generators/cmake)
[2.238s] -- Found ament_cmake_ros: 0.10.0 (/opt/ros/humble/share/ament_cmake_ros/cmake)
[3.644s] -- Using all available rosidl_typesupport_c: rosidl_typesupport_fastrtps_c;rosidl_typesupport_introspection_c
[4.181s] -- Using all available rosidl_typesupport_cpp: rosidl_typesupport_fastrtps_cpp;rosidl_typesupport_introspection_cpp
[4.221s] -- Found PythonInterp: /usr/bin/python3 (found suitable version "3.10.12", minimum required is "3.6") 
[4.229s] -- Found python_cmake_module: 0.10.0 (/opt/ros/humble/share/python_cmake_module/cmake)
[4.317s] -- Found PythonLibs: /usr/lib/x86_64-linux-gnu/libpython3.10.so (found suitable version "3.10.12", minimum required is "3.5") 
[4.318s] -- Using PYTHON_EXECUTABLE: /usr/bin/python3
[4.318s] -- Using PYTHON_INCLUDE_DIRS: /usr/include/python3.10
[4.318s] -- Using PYTHON_LIBRARIES: /usr/lib/x86_64-linux-gnu/libpython3.10.so
[4.380s] -- Found PythonExtra: .so  
[4.631s] -- Found ament_lint_auto: 0.12.14 (/opt/ros/humble/share/ament_lint_auto/cmake)
[4.781s] -- Added test 'copyright' to check source files copyright and LICENSE
[4.794s] -- Added test 'lint_cmake' to check CMake code style
[4.807s] -- Added test 'xmllint' to check XML markup files
[4.813s] -- Configuring done
[4.966s] -- Generating done
[5.015s] -- Build files have been written to: /home/user/ros2_ws/src/aruco_ros/build/aruco_msgs
[5.051s] Invoked command in '/home/user/ros2_ws/src/aruco_ros/build/aruco_msgs' returned '0': CMAKE_PREFIX_PATH=/opt/ros/humble /usr/bin/cmake /home/user/ros2_ws/src/aruco_ros/aruco_msgs -DCMAKE_INSTALL_PREFIX=/home/user/ros2_ws/src/aruco_ros/install/aruco_msgs
[5.055s] Invoking command in '/home/user/ros2_ws/src/aruco_ros/build/aruco_msgs': CMAKE_PREFIX_PATH=/opt/ros/humble /usr/bin/cmake --build /home/user/ros2_ws/src/aruco_ros/build/aruco_msgs -- -j4 -l4
[5.177s] [  2%] [34m[1mGenerating C code for ROS interfaces[0m
[5.231s] [  5%] [34m[1mGenerating C++ code for ROS interfaces[0m
[5.233s] [  5%] Built target ament_cmake_python_copy_aruco_msgs
[5.593s] running egg_info
[5.594s] creating aruco_msgs.egg-info
[5.594s] writing aruco_msgs.egg-info/PKG-INFO
[5.594s] writing dependency_links to aruco_msgs.egg-info/dependency_links.txt
[5.594s] writing top-level names to aruco_msgs.egg-info/top_level.txt
[5.595s] writing manifest file 'aruco_msgs.egg-info/SOURCES.txt'
[5.609s] reading manifest file 'aruco_msgs.egg-info/SOURCES.txt'
[5.612s] writing manifest file 'aruco_msgs.egg-info/SOURCES.txt'
[5.775s] [  5%] Built target ament_cmake_python_build_aruco_msgs_egg
[6.379s] [  5%] Built target aruco_msgs__cpp
[6.405s] [  7%] [34m[1mGenerating C++ introspection for ROS interfaces[0m
[6.413s] [ 10%] [34m[1mGenerating C++ type support for eProsima Fast-RTPS[0m
[6.423s] [ 12%] [34m[1mGenerating C++ type support dispatch for ROS interfaces[0m
[6.707s] [ 15%] [32mBuilding C object CMakeFiles/aruco_msgs__rosidl_generator_c.dir/rosidl_generator_c/aruco_msgs/msg/detail/marker__functions.c.o[0m
[6.959s] [ 17%] [32mBuilding C object CMakeFiles/aruco_msgs__rosidl_generator_c.dir/rosidl_generator_c/aruco_msgs/msg/detail/marker_array__functions.c.o[0m
[7.057s] [ 20%] [32m[1mLinking C shared library libaruco_msgs__rosidl_generator_c.so[0m
[7.174s] [ 23%] [32mBuilding CXX object CMakeFiles/aruco_msgs__rosidl_typesupport_cpp.dir/rosidl_typesupport_cpp/aruco_msgs/msg/marker__type_support.cpp.o[0m
[7.213s] [ 23%] Built target aruco_msgs__rosidl_generator_c
[7.254s] [ 25%] [34m[1mGenerating C type support for eProsima Fast-RTPS[0m
[7.902s] [ 28%] [32mBuilding CXX object CMakeFiles/aruco_msgs__rosidl_typesupport_introspection_cpp.dir/rosidl_typesupport_introspection_cpp/aruco_msgs/msg/detail/marker__type_support.cpp.o[0m
[8.051s] [ 30%] [32mBuilding CXX object CMakeFiles/aruco_msgs__rosidl_typesupport_fastrtps_cpp.dir/rosidl_typesupport_fastrtps_cpp/aruco_msgs/msg/detail/dds_fastrtps/marker__type_support.cpp.o[0m
[8.317s] [ 33%] [32mBuilding CXX object CMakeFiles/aruco_msgs__rosidl_typesupport_cpp.dir/rosidl_typesupport_cpp/aruco_msgs/msg/marker_array__type_support.cpp.o[0m
[8.594s] [ 35%] [32mBuilding CXX object CMakeFiles/aruco_msgs__rosidl_typesupport_fastrtps_c.dir/rosidl_typesupport_fastrtps_c/aruco_msgs/msg/detail/marker__type_support_c.cpp.o[0m
[8.910s] [ 38%] [32mBuilding CXX object CMakeFiles/aruco_msgs__rosidl_typesupport_introspection_cpp.dir/rosidl_typesupport_introspection_cpp/aruco_msgs/msg/detail/marker_array__type_support.cpp.o[0m
[9.432s] [ 41%] [32m[1mLinking CXX shared library libaruco_msgs__rosidl_typesupport_cpp.so[0m
[9.666s] [ 41%] Built target aruco_msgs__rosidl_typesupport_cpp
[9.708s] [ 43%] [32mBuilding CXX object CMakeFiles/aruco_msgs__rosidl_typesupport_fastrtps_cpp.dir/rosidl_typesupport_fastrtps_cpp/aruco_msgs/msg/detail/dds_fastrtps/marker_array__type_support.cpp.o[0m
[9.714s] [ 46%] [34m[1mGenerating C introspection for ROS interfaces[0m
[9.877s] [ 48%] [32mBuilding CXX object CMakeFiles/aruco_msgs__rosidl_typesupport_fastrtps_c.dir/rosidl_typesupport_fastrtps_c/aruco_msgs/msg/detail/marker_array__type_support_c.cpp.o[0m
[10.151s] [ 51%] [32m[1mLinking CXX shared library libaruco_msgs__rosidl_typesupport_introspection_cpp.so[0m
[10.577s] [ 51%] Built target aruco_msgs__rosidl_typesupport_introspection_cpp
[10.607s] [ 53%] [34m[1mGenerating C type support dispatch for ROS interfaces[0m
[11.036s] [ 56%] [32mBuilding C object CMakeFiles/aruco_msgs__rosidl_typesupport_introspection_c.dir/rosidl_typesupport_introspection_c/aruco_msgs/msg/detail/marker__type_support.c.o[0m
[11.154s] [ 58%] [32m[1mLinking CXX shared library libaruco_msgs__rosidl_typesupport_fastrtps_c.so[0m
[11.187s] [ 61%] [32mBuilding C object CMakeFiles/aruco_msgs__rosidl_typesupport_introspection_c.dir/rosidl_typesupport_introspection_c/aruco_msgs/msg/detail/marker_array__type_support.c.o[0m
[11.349s] [ 64%] [32m[1mLinking C shared library libaruco_msgs__rosidl_typesupport_introspection_c.so[0m
[11.485s] [ 64%] Built target aruco_msgs__rosidl_typesupport_introspection_c
[11.591s] [ 66%] [32m[1mLinking CXX shared library libaruco_msgs__rosidl_typesupport_fastrtps_cpp.so[0m
[11.597s] [ 66%] Built target aruco_msgs__rosidl_typesupport_fastrtps_c
[11.836s] [ 69%] [32mBuilding CXX object CMakeFiles/aruco_msgs__rosidl_typesupport_c.dir/rosidl_typesupport_c/aruco_msgs/msg/marker_array__type_support.cpp.o[0m
[11.844s] [ 71%] [32mBuilding CXX object CMakeFiles/aruco_msgs__rosidl_typesupport_c.dir/rosidl_typesupport_c/aruco_msgs/msg/marker__type_support.cpp.o[0m
[11.901s] [ 71%] Built target aruco_msgs__rosidl_typesupport_fastrtps_cpp
[11.948s] [ 74%] [32m[1mLinking CXX shared library libaruco_msgs__rosidl_typesupport_c.so[0m
[12.118s] [ 74%] Built target aruco_msgs__rosidl_typesupport_c
[12.184s] [ 74%] Built target aruco_msgs
[12.241s] [ 76%] [34m[1mGenerating Python code for ROS interfaces[0m
[13.498s] [ 76%] Built target aruco_msgs__py
[13.571s] [ 79%] [32mBuilding C object CMakeFiles/aruco_msgs__rosidl_generator_py.dir/rosidl_generator_py/aruco_msgs/msg/_marker_s.c.o[0m
[13.579s] [ 82%] [32mBuilding C object CMakeFiles/aruco_msgs__rosidl_generator_py.dir/rosidl_generator_py/aruco_msgs/msg/_marker_array_s.c.o[0m
[14.010s] [ 84%] [32m[1mLinking C shared library rosidl_generator_py/aruco_msgs/libaruco_msgs__rosidl_generator_py.so[0m
[14.084s] [ 84%] Built target aruco_msgs__rosidl_generator_py
[14.108s] [ 87%] [32mBuilding C object CMakeFiles/aruco_msgs__rosidl_typesupport_fastrtps_c__pyext.dir/rosidl_generator_py/aruco_msgs/_aruco_msgs_s.ep.rosidl_typesupport_fastrtps_c.c.o[0m
[14.288s] [ 89%] [32m[1mLinking C shared library rosidl_generator_py/aruco_msgs/aruco_msgs_s__rosidl_typesupport_fastrtps_c.cpython-310-x86_64-linux-gnu.so[0m
[14.383s] [ 89%] Built target aruco_msgs__rosidl_typesupport_fastrtps_c__pyext
[14.421s] [ 92%] [32mBuilding C object CMakeFiles/aruco_msgs__rosidl_typesupport_c__pyext.dir/rosidl_generator_py/aruco_msgs/_aruco_msgs_s.ep.rosidl_typesupport_c.c.o[0m
[14.626s] [ 94%] [32m[1mLinking C shared library rosidl_generator_py/aruco_msgs/aruco_msgs_s__rosidl_typesupport_c.cpython-310-x86_64-linux-gnu.so[0m
[14.715s] [ 94%] Built target aruco_msgs__rosidl_typesupport_c__pyext
[14.755s] [ 97%] [32mBuilding C object CMakeFiles/aruco_msgs__rosidl_typesupport_introspection_c__pyext.dir/rosidl_generator_py/aruco_msgs/_aruco_msgs_s.ep.rosidl_typesupport_introspection_c.c.o[0m
[14.966s] [100%] [32m[1mLinking C shared library rosidl_generator_py/aruco_msgs/aruco_msgs_s__rosidl_typesupport_introspection_c.cpython-310-x86_64-linux-gnu.so[0m
[15.040s] [100%] Built target aruco_msgs__rosidl_typesupport_introspection_c__pyext
[15.059s] Invoked command in '/home/user/ros2_ws/src/aruco_ros/build/aruco_msgs' returned '0': CMAKE_PREFIX_PATH=/opt/ros/humble /usr/bin/cmake --build /home/user/ros2_ws/src/aruco_ros/build/aruco_msgs -- -j4 -l4
[15.073s] Invoking command in '/home/user/ros2_ws/src/aruco_ros/build/aruco_msgs': CMAKE_PREFIX_PATH=/opt/ros/humble /usr/bin/cmake --install /home/user/ros2_ws/src/aruco_ros/build/aruco_msgs
[15.089s] -- Install configuration: ""
[15.090s] -- Installing: /home/user/ros2_ws/src/aruco_ros/install/aruco_msgs/share/ament_index/resource_index/rosidl_interfaces/aruco_msgs
[15.090s] -- Installing: /home/user/ros2_ws/src/aruco_ros/install/aruco_msgs/include/aruco_msgs/aruco_msgs
[15.090s] -- Installing: /home/user/ros2_ws/src/aruco_ros/install/aruco_msgs/include/aruco_msgs/aruco_msgs/msg
[15.090s] -- Installing: /home/user/ros2_ws/src/aruco_ros/install/aruco_msgs/include/aruco_msgs/aruco_msgs/msg/rosidl_generator_c__visibility_control.h
[15.090s] -- Installing: /home/user/ros2_ws/src/aruco_ros/install/aruco_msgs/include/aruco_msgs/aruco_msgs/msg/detail
[15.090s] -- Installing: /home/user/ros2_ws/src/aruco_ros/install/aruco_msgs/include/aruco_msgs/aruco_msgs/msg/detail/marker__functions.h
[15.090s] -- Installing: /home/user/ros2_ws/src/aruco_ros/install/aruco_msgs/include/aruco_msgs/aruco_msgs/msg/detail/marker_array__functions.c
[15.090s] -- Installing: /home/user/ros2_ws/src/aruco_ros/install/aruco_msgs/include/aruco_msgs/aruco_msgs/msg/detail/marker_array__type_support.h
[15.091s] -- Installing: /home/user/ros2_ws/src/aruco_ros/install/aruco_msgs/include/aruco_msgs/aruco_msgs/msg/detail/marker__type_support.h
[15.091s] -- Installing: /home/user/ros2_ws/src/aruco_ros/install/aruco_msgs/include/aruco_msgs/aruco_msgs/msg/detail/marker_array__struct.h
[15.091s] -- Installing: /home/user/ros2_ws/src/aruco_ros/install/aruco_msgs/include/aruco_msgs/aruco_msgs/msg/detail/marker__struct.h
[15.091s] -- Installing: /home/user/ros2_ws/src/aruco_ros/install/aruco_msgs/include/aruco_msgs/aruco_msgs/msg/detail/marker_array__functions.h
[15.091s] -- Installing: /home/user/ros2_ws/src/aruco_ros/install/aruco_msgs/include/aruco_msgs/aruco_msgs/msg/detail/marker__functions.c
[15.091s] -- Installing: /home/user/ros2_ws/src/aruco_ros/install/aruco_msgs/include/aruco_msgs/aruco_msgs/msg/marker_array.h
[15.091s] -- Installing: /home/user/ros2_ws/src/aruco_ros/install/aruco_msgs/include/aruco_msgs/aruco_msgs/msg/marker.h
[15.091s] -- Installing: /home/user/ros2_ws/src/aruco_ros/install/aruco_msgs/share/aruco_msgs/environment/library_path.sh
[15.091s] -- Installing: /home/user/ros2_ws/src/aruco_ros/install/aruco_msgs/share/aruco_msgs/environment/library_path.dsv
[15.091s] -- Installing: /home/user/ros2_ws/src/aruco_ros/install/aruco_msgs/lib/libaruco_msgs__rosidl_generator_c.so
[15.091s] -- Set runtime path of "/home/user/ros2_ws/src/aruco_ros/install/aruco_msgs/lib/libaruco_msgs__rosidl_generator_c.so" to ""
[15.091s] -- Up-to-date: /home/user/ros2_ws/src/aruco_ros/install/aruco_msgs/include/aruco_msgs/aruco_msgs
[15.092s] -- Up-to-date: /home/user/ros2_ws/src/aruco_ros/install/aruco_msgs/include/aruco_msgs/aruco_msgs/msg
[15.092s] -- Installing: /home/user/ros2_ws/src/aruco_ros/install/aruco_msgs/include/aruco_msgs/aruco_msgs/msg/rosidl_typesupport_fastrtps_c__visibility_control.h
[15.092s] -- Up-to-date: /home/user/ros2_ws/src/aruco_ros/install/aruco_msgs/include/aruco_msgs/aruco_msgs/msg/detail
[15.093s] -- Installing: /home/user/ros2_ws/src/aruco_ros/install/aruco_msgs/include/aruco_msgs/aruco_msgs/msg/detail/marker__rosidl_typesupport_fastrtps_c.h
[15.093s] -- Installing: /home/user/ros2_ws/src/aruco_ros/install/aruco_msgs/include/aruco_msgs/aruco_msgs/msg/detail/marker_array__rosidl_typesupport_fastrtps_c.h
[15.093s] -- Installing: /home/user/ros2_ws/src/aruco_ros/install/aruco_msgs/lib/libaruco_msgs__rosidl_typesupport_fastrtps_c.so
[15.093s] -- Set runtime path of "/home/user/ros2_ws/src/aruco_ros/install/aruco_msgs/lib/libaruco_msgs__rosidl_typesupport_fastrtps_c.so" to ""
[15.093s] -- Up-to-date: /home/user/ros2_ws/src/aruco_ros/install/aruco_msgs/include/aruco_msgs/aruco_msgs
[15.093s] -- Up-to-date: /home/user/ros2_ws/src/aruco_ros/install/aruco_msgs/include/aruco_msgs/aruco_msgs/msg
[15.093s] -- Installing: /home/user/ros2_ws/src/aruco_ros/install/aruco_msgs/include/aruco_msgs/aruco_msgs/msg/rosidl_generator_cpp__visibility_control.hpp
[15.093s] -- Installing: /home/user/ros2_ws/src/aruco_ros/install/aruco_msgs/include/aruco_msgs/aruco_msgs/msg/marker_array.hpp
[15.094s] -- Up-to-date: /home/user/ros2_ws/src/aruco_ros/install/aruco_msgs/include/aruco_msgs/aruco_msgs/msg/detail
[15.094s] -- Installing: /home/user/ros2_ws/src/aruco_ros/install/aruco_msgs/include/aruco_msgs/aruco_msgs/msg/detail/marker_array__struct.hpp
[15.094s] -- Installing: /home/user/ros2_ws/src/aruco_ros/install/aruco_msgs/include/aruco_msgs/aruco_msgs/msg/detail/marker__builder.hpp
[15.094s] -- Installing: /home/user/ros2_ws/src/aruco_ros/install/aruco_msgs/include/aruco_msgs/aruco_msgs/msg/detail/marker_array__type_support.hpp
[15.094s] -- Installing: /home/user/ros2_ws/src/aruco_ros/install/aruco_msgs/include/aruco_msgs/aruco_msgs/msg/detail/marker__struct.hpp
[15.094s] -- Installing: /home/user/ros2_ws/src/aruco_ros/install/aruco_msgs/include/aruco_msgs/aruco_msgs/msg/detail/marker__traits.hpp
[15.094s] -- Installing: /home/user/ros2_ws/src/aruco_ros/install/aruco_msgs/include/aruco_msgs/aruco_msgs/msg/detail/marker_array__traits.hpp
[15.094s] -- Installing: /home/user/ros2_ws/src/aruco_ros/install/aruco_msgs/include/aruco_msgs/aruco_msgs/msg/detail/marker_array__builder.hpp
[15.095s] -- Installing: /home/user/ros2_ws/src/aruco_ros/install/aruco_msgs/include/aruco_msgs/aruco_msgs/msg/detail/marker__type_support.hpp
[15.095s] -- Installing: /home/user/ros2_ws/src/aruco_ros/install/aruco_msgs/include/aruco_msgs/aruco_msgs/msg/marker.hpp
[15.095s] -- Up-to-date: /home/user/ros2_ws/src/aruco_ros/install/aruco_msgs/include/aruco_msgs/aruco_msgs
[15.095s] -- Up-to-date: /home/user/ros2_ws/src/aruco_ros/install/aruco_msgs/include/aruco_msgs/aruco_msgs/msg
[15.095s] -- Installing: /home/user/ros2_ws/src/aruco_ros/install/aruco_msgs/include/aruco_msgs/aruco_msgs/msg/rosidl_typesupport_fastrtps_cpp__visibility_control.h
[15.095s] -- Up-to-date: /home/user/ros2_ws/src/aruco_ros/install/aruco_msgs/include/aruco_msgs/aruco_msgs/msg/detail
[15.095s] -- Installing: /home/user/ros2_ws/src/aruco_ros/install/aruco_msgs/include/aruco_msgs/aruco_msgs/msg/detail/marker_array__rosidl_typesupport_fastrtps_cpp.hpp
[15.096s] -- Installing: /home/user/ros2_ws/src/aruco_ros/install/aruco_msgs/include/aruco_msgs/aruco_msgs/msg/detail/marker__rosidl_typesupport_fastrtps_cpp.hpp
[15.096s] -- Installing: /home/user/ros2_ws/src/aruco_ros/install/aruco_msgs/include/aruco_msgs/aruco_msgs/msg/detail/dds_fastrtps
[15.097s] -- Installing: /home/user/ros2_ws/src/aruco_ros/install/aruco_msgs/lib/libaruco_msgs__rosidl_typesupport_fastrtps_cpp.so
[15.097s] -- Set runtime path of "/home/user/ros2_ws/src/aruco_ros/install/aruco_msgs/lib/libaruco_msgs__rosidl_typesupport_fastrtps_cpp.so" to ""
[15.098s] -- Up-to-date: /home/user/ros2_ws/src/aruco_ros/install/aruco_msgs/include/aruco_msgs/aruco_msgs
[15.098s] -- Up-to-date: /home/user/ros2_ws/src/aruco_ros/install/aruco_msgs/include/aruco_msgs/aruco_msgs/msg
[15.098s] -- Installing: /home/user/ros2_ws/src/aruco_ros/install/aruco_msgs/include/aruco_msgs/aruco_msgs/msg/rosidl_typesupport_introspection_c__visibility_control.h
[15.098s] -- Up-to-date: /home/user/ros2_ws/src/aruco_ros/install/aruco_msgs/include/aruco_msgs/aruco_msgs/msg/detail
[15.098s] -- Installing: /home/user/ros2_ws/src/aruco_ros/install/aruco_msgs/include/aruco_msgs/aruco_msgs/msg/detail/marker__rosidl_typesupport_introspection_c.h
[15.099s] -- Installing: /home/user/ros2_ws/src/aruco_ros/install/aruco_msgs/include/aruco_msgs/aruco_msgs/msg/detail/marker_array__type_support.c
[15.100s] -- Installing: /home/user/ros2_ws/src/aruco_ros/install/aruco_msgs/include/aruco_msgs/aruco_msgs/msg/detail/marker_array__rosidl_typesupport_introspection_c.h
[15.100s] -- Installing: /home/user/ros2_ws/src/aruco_ros/install/aruco_msgs/include/aruco_msgs/aruco_msgs/msg/detail/marker__type_support.c
[15.100s] -- Installing: /home/user/ros2_ws/src/aruco_ros/install/aruco_msgs/lib/libaruco_msgs__rosidl_typesupport_introspection_c.so
[15.100s] -- Set runtime path of "/home/user/ros2_ws/src/aruco_ros/install/aruco_msgs/lib/libaruco_msgs__rosidl_typesupport_introspection_c.so" to ""
[15.101s] -- Installing: /home/user/ros2_ws/src/aruco_ros/install/aruco_msgs/lib/libaruco_msgs__rosidl_typesupport_c.so
[15.101s] -- Set runtime path of "/home/user/ros2_ws/src/aruco_ros/install/aruco_msgs/lib/libaruco_msgs__rosidl_typesupport_c.so" to ""
[15.101s] -- Up-to-date: /home/user/ros2_ws/src/aruco_ros/install/aruco_msgs/include/aruco_msgs/aruco_msgs
[15.101s] -- Up-to-date: /home/user/ros2_ws/src/aruco_ros/install/aruco_msgs/include/aruco_msgs/aruco_msgs/msg
[15.101s] -- Up-to-date: /home/user/ros2_ws/src/aruco_ros/install/aruco_msgs/include/aruco_msgs/aruco_msgs/msg/detail
[15.101s] -- Installing: /home/user/ros2_ws/src/aruco_ros/install/aruco_msgs/include/aruco_msgs/aruco_msgs/msg/detail/marker_array__type_support.cpp
[15.101s] -- Installing: /home/user/ros2_ws/src/aruco_ros/install/aruco_msgs/include/aruco_msgs/aruco_msgs/msg/detail/marker__type_support.cpp
[15.101s] -- Installing: /home/user/ros2_ws/src/aruco_ros/install/aruco_msgs/include/aruco_msgs/aruco_msgs/msg/detail/marker__rosidl_typesupport_introspection_cpp.hpp
[15.101s] -- Installing: /home/user/ros2_ws/src/aruco_ros/install/aruco_msgs/include/aruco_msgs/aruco_msgs/msg/detail/marker_array__rosidl_typesupport_introspection_cpp.hpp
[15.102s] -- Installing: /home/user/ros2_ws/src/aruco_ros/install/aruco_msgs/lib/libaruco_msgs__rosidl_typesupport_introspection_cpp.so
[15.102s] -- Set runtime path of "/home/user/ros2_ws/src/aruco_ros/install/aruco_msgs/lib/libaruco_msgs__rosidl_typesupport_introspection_cpp.so" to ""
[15.102s] -- Installing: /home/user/ros2_ws/src/aruco_ros/install/aruco_msgs/lib/libaruco_msgs__rosidl_typesupport_cpp.so
[15.102s] -- Set runtime path of "/home/user/ros2_ws/src/aruco_ros/install/aruco_msgs/lib/libaruco_msgs__rosidl_typesupport_cpp.so" to ""
[15.102s] -- Installing: /home/user/ros2_ws/src/aruco_ros/install/aruco_msgs/share/aruco_msgs/environment/pythonpath.sh
[15.102s] -- Installing: /home/user/ros2_ws/src/aruco_ros/install/aruco_msgs/share/aruco_msgs/environment/pythonpath.dsv
[15.102s] -- Installing: /home/user/ros2_ws/src/aruco_ros/install/aruco_msgs/local/lib/python3.10/dist-packages/aruco_msgs-5.0.5-py3.10.egg-info
[15.102s] -- Installing: /home/user/ros2_ws/src/aruco_ros/install/aruco_msgs/local/lib/python3.10/dist-packages/aruco_msgs-5.0.5-py3.10.egg-info/SOURCES.txt
[15.102s] -- Installing: /home/user/ros2_ws/src/aruco_ros/install/aruco_msgs/local/lib/python3.10/dist-packages/aruco_msgs-5.0.5-py3.10.egg-info/PKG-INFO
[15.102s] -- Installing: /home/user/ros2_ws/src/aruco_ros/install/aruco_msgs/local/lib/python3.10/dist-packages/aruco_msgs-5.0.5-py3.10.egg-info/top_level.txt
[15.103s] -- Installing: /home/user/ros2_ws/src/aruco_ros/install/aruco_msgs/local/lib/python3.10/dist-packages/aruco_msgs-5.0.5-py3.10.egg-info/dependency_links.txt
[15.103s] -- Installing: /home/user/ros2_ws/src/aruco_ros/install/aruco_msgs/local/lib/python3.10/dist-packages/aruco_msgs
[15.103s] -- Installing: /home/user/ros2_ws/src/aruco_ros/install/aruco_msgs/local/lib/python3.10/dist-packages/aruco_msgs/__init__.py
[15.104s] -- Installing: /home/user/ros2_ws/src/aruco_ros/install/aruco_msgs/local/lib/python3.10/dist-packages/aruco_msgs/_aruco_msgs_s.ep.rosidl_typesupport_introspection_c.c
[15.104s] -- Installing: /home/user/ros2_ws/src/aruco_ros/install/aruco_msgs/local/lib/python3.10/dist-packages/aruco_msgs/_aruco_msgs_s.ep.rosidl_typesupport_fastrtps_c.c
[15.104s] -- Installing: /home/user/ros2_ws/src/aruco_ros/install/aruco_msgs/local/lib/python3.10/dist-packages/aruco_msgs/_aruco_msgs_s.ep.rosidl_typesupport_c.c
[15.104s] -- Installing: /home/user/ros2_ws/src/aruco_ros/install/aruco_msgs/local/lib/python3.10/dist-packages/aruco_msgs/aruco_msgs_s__rosidl_typesupport_c.cpython-310-x86_64-linux-gnu.so
[15.104s] -- Installing: /home/user/ros2_ws/src/aruco_ros/install/aruco_msgs/local/lib/python3.10/dist-packages/aruco_msgs/aruco_msgs_s__rosidl_typesupport_fastrtps_c.cpython-310-x86_64-linux-gnu.so
[15.105s] -- Installing: /home/user/ros2_ws/src/aruco_ros/install/aruco_msgs/local/lib/python3.10/dist-packages/aruco_msgs/aruco_msgs_s__rosidl_typesupport_introspection_c.cpython-310-x86_64-linux-gnu.so
[15.105s] -- Installing: /home/user/ros2_ws/src/aruco_ros/install/aruco_msgs/local/lib/python3.10/dist-packages/aruco_msgs/libaruco_msgs__rosidl_generator_py.so
[15.105s] -- Installing: /home/user/ros2_ws/src/aruco_ros/install/aruco_msgs/local/lib/python3.10/dist-packages/aruco_msgs/msg
[15.105s] -- Installing: /home/user/ros2_ws/src/aruco_ros/install/aruco_msgs/local/lib/python3.10/dist-packages/aruco_msgs/msg/_marker_s.c
[15.105s] -- Installing: /home/user/ros2_ws/src/aruco_ros/install/aruco_msgs/local/lib/python3.10/dist-packages/aruco_msgs/msg/_marker_array_s.c
[15.106s] -- Installing: /home/user/ros2_ws/src/aruco_ros/install/aruco_msgs/local/lib/python3.10/dist-packages/aruco_msgs/msg/__init__.py
[15.106s] -- Installing: /home/user/ros2_ws/src/aruco_ros/install/aruco_msgs/local/lib/python3.10/dist-packages/aruco_msgs/msg/_marker.py
[15.106s] -- Installing: /home/user/ros2_ws/src/aruco_ros/install/aruco_msgs/local/lib/python3.10/dist-packages/aruco_msgs/msg/_marker_array.py
[15.161s] Listing '/home/user/ros2_ws/src/aruco_ros/install/aruco_msgs/local/lib/python3.10/dist-packages/aruco_msgs'...
[15.161s] Compiling '/home/user/ros2_ws/src/aruco_ros/install/aruco_msgs/local/lib/python3.10/dist-packages/aruco_msgs/__init__.py'...
[15.161s] Listing '/home/user/ros2_ws/src/aruco_ros/install/aruco_msgs/local/lib/python3.10/dist-packages/aruco_msgs/msg'...
[15.161s] Compiling '/home/user/ros2_ws/src/aruco_ros/install/aruco_msgs/local/lib/python3.10/dist-packages/aruco_msgs/msg/__init__.py'...
[15.161s] Compiling '/home/user/ros2_ws/src/aruco_ros/install/aruco_msgs/local/lib/python3.10/dist-packages/aruco_msgs/msg/_marker.py'...
[15.161s] Compiling '/home/user/ros2_ws/src/aruco_ros/install/aruco_msgs/local/lib/python3.10/dist-packages/aruco_msgs/msg/_marker_array.py'...
[15.170s] -- Installing: /home/user/ros2_ws/src/aruco_ros/install/aruco_msgs/local/lib/python3.10/dist-packages/aruco_msgs/aruco_msgs_s__rosidl_typesupport_fastrtps_c.cpython-310-x86_64-linux-gnu.so
[15.170s] -- Set runtime path of "/home/user/ros2_ws/src/aruco_ros/install/aruco_msgs/local/lib/python3.10/dist-packages/aruco_msgs/aruco_msgs_s__rosidl_typesupport_fastrtps_c.cpython-310-x86_64-linux-gnu.so" to ""
[15.170s] -- Installing: /home/user/ros2_ws/src/aruco_ros/install/aruco_msgs/local/lib/python3.10/dist-packages/aruco_msgs/aruco_msgs_s__rosidl_typesupport_introspection_c.cpython-310-x86_64-linux-gnu.so
[15.170s] -- Set runtime path of "/home/user/ros2_ws/src/aruco_ros/install/aruco_msgs/local/lib/python3.10/dist-packages/aruco_msgs/aruco_msgs_s__rosidl_typesupport_introspection_c.cpython-310-x86_64-linux-gnu.so" to ""
[15.170s] -- Installing: /home/user/ros2_ws/src/aruco_ros/install/aruco_msgs/local/lib/python3.10/dist-packages/aruco_msgs/aruco_msgs_s__rosidl_typesupport_c.cpython-310-x86_64-linux-gnu.so
[15.170s] -- Set runtime path of "/home/user/ros2_ws/src/aruco_ros/install/aruco_msgs/local/lib/python3.10/dist-packages/aruco_msgs/aruco_msgs_s__rosidl_typesupport_c.cpython-310-x86_64-linux-gnu.so" to ""
[15.170s] -- Installing: /home/user/ros2_ws/src/aruco_ros/install/aruco_msgs/lib/libaruco_msgs__rosidl_generator_py.so
[15.170s] -- Set runtime path of "/home/user/ros2_ws/src/aruco_ros/install/aruco_msgs/lib/libaruco_msgs__rosidl_generator_py.so" to ""
[15.170s] -- Installing: /home/user/ros2_ws/src/aruco_ros/install/aruco_msgs/share/aruco_msgs/msg/Marker.idl
[15.170s] -- Installing: /home/user/ros2_ws/src/aruco_ros/install/aruco_msgs/share/aruco_msgs/msg/MarkerArray.idl
[15.171s] -- Installing: /home/user/ros2_ws/src/aruco_ros/install/aruco_msgs/share/aruco_msgs/msg/Marker.msg
[15.171s] -- Installing: /home/user/ros2_ws/src/aruco_ros/install/aruco_msgs/share/aruco_msgs/msg/MarkerArray.msg
[15.171s] -- Installing: /home/user/ros2_ws/src/aruco_ros/install/aruco_msgs/share/ament_index/resource_index/package_run_dependencies/aruco_msgs
[15.172s] -- Installing: /home/user/ros2_ws/src/aruco_ros/install/aruco_msgs/share/ament_index/resource_index/parent_prefix_path/aruco_msgs
[15.172s] -- Installing: /home/user/ros2_ws/src/aruco_ros/install/aruco_msgs/share/aruco_msgs/environment/ament_prefix_path.sh
[15.172s] -- Installing: /home/user/ros2_ws/src/aruco_ros/install/aruco_msgs/share/aruco_msgs/environment/ament_prefix_path.dsv
[15.175s] -- Installing: /home/user/ros2_ws/src/aruco_ros/install/aruco_msgs/share/aruco_msgs/environment/path.sh
[15.175s] -- Installing: /home/user/ros2_ws/src/aruco_ros/install/aruco_msgs/share/aruco_msgs/environment/path.dsv
[15.175s] -- Installing: /home/user/ros2_ws/src/aruco_ros/install/aruco_msgs/share/aruco_msgs/local_setup.bash
[15.176s] -- Installing: /home/user/ros2_ws/src/aruco_ros/install/aruco_msgs/share/aruco_msgs/local_setup.sh
[15.176s] -- Installing: /home/user/ros2_ws/src/aruco_ros/install/aruco_msgs/share/aruco_msgs/local_setup.zsh
[15.176s] -- Installing: /home/user/ros2_ws/src/aruco_ros/install/aruco_msgs/share/aruco_msgs/local_setup.dsv
[15.176s] -- Installing: /home/user/ros2_ws/src/aruco_ros/install/aruco_msgs/share/aruco_msgs/package.dsv
[15.176s] -- Installing: /home/user/ros2_ws/src/aruco_ros/install/aruco_msgs/share/ament_index/resource_index/packages/aruco_msgs
[15.177s] -- Installing: /home/user/ros2_ws/src/aruco_ros/install/aruco_msgs/share/aruco_msgs/cmake/export_aruco_msgs__rosidl_generator_cExport.cmake
[15.177s] -- Installing: /home/user/ros2_ws/src/aruco_ros/install/aruco_msgs/share/aruco_msgs/cmake/export_aruco_msgs__rosidl_generator_cExport-noconfig.cmake
[15.177s] -- Installing: /home/user/ros2_ws/src/aruco_ros/install/aruco_msgs/share/aruco_msgs/cmake/export_aruco_msgs__rosidl_typesupport_fastrtps_cExport.cmake
[15.177s] -- Installing: /home/user/ros2_ws/src/aruco_ros/install/aruco_msgs/share/aruco_msgs/cmake/export_aruco_msgs__rosidl_typesupport_fastrtps_cExport-noconfig.cmake
[15.178s] -- Installing: /home/user/ros2_ws/src/aruco_ros/install/aruco_msgs/share/aruco_msgs/cmake/export_aruco_msgs__rosidl_generator_cppExport.cmake
[15.178s] -- Installing: /home/user/ros2_ws/src/aruco_ros/install/aruco_msgs/share/aruco_msgs/cmake/export_aruco_msgs__rosidl_typesupport_fastrtps_cppExport.cmake
[15.178s] -- Installing: /home/user/ros2_ws/src/aruco_ros/install/aruco_msgs/share/aruco_msgs/cmake/export_aruco_msgs__rosidl_typesupport_fastrtps_cppExport-noconfig.cmake
[15.178s] -- Installing: /home/user/ros2_ws/src/aruco_ros/install/aruco_msgs/share/aruco_msgs/cmake/aruco_msgs__rosidl_typesupport_introspection_cExport.cmake
[15.178s] -- Installing: /home/user/ros2_ws/src/aruco_ros/install/aruco_msgs/share/aruco_msgs/cmake/aruco_msgs__rosidl_typesupport_introspection_cExport-noconfig.cmake
[15.178s] -- Installing: /home/user/ros2_ws/src/aruco_ros/install/aruco_msgs/share/aruco_msgs/cmake/aruco_msgs__rosidl_typesupport_cExport.cmake
[15.178s] -- Installing: /home/user/ros2_ws/src/aruco_ros/install/aruco_msgs/share/aruco_msgs/cmake/aruco_msgs__rosidl_typesupport_cExport-noconfig.cmake
[15.178s] -- Installing: /home/user/ros2_ws/src/aruco_ros/install/aruco_msgs/share/aruco_msgs/cmake/aruco_msgs__rosidl_typesupport_introspection_cppExport.cmake
[15.178s] -- Installing: /home/user/ros2_ws/src/aruco_ros/install/aruco_msgs/share/aruco_msgs/cmake/aruco_msgs__rosidl_typesupport_introspection_cppExport-noconfig.cmake
[15.178s] -- Installing: /home/user/ros2_ws/src/aruco_ros/install/aruco_msgs/share/aruco_msgs/cmake/aruco_msgs__rosidl_typesupport_cppExport.cmake
[15.178s] -- Installing: /home/user/ros2_ws/src/aruco_ros/install/aruco_msgs/share/aruco_msgs/cmake/aruco_msgs__rosidl_typesupport_cppExport-noconfig.cmake
[15.178s] -- Installing: /home/user/ros2_ws/src/aruco_ros/install/aruco_msgs/share/aruco_msgs/cmake/export_aruco_msgs__rosidl_generator_pyExport.cmake
[15.179s] -- Installing: /home/user/ros2_ws/src/aruco_ros/install/aruco_msgs/share/aruco_msgs/cmake/export_aruco_msgs__rosidl_generator_pyExport-noconfig.cmake
[15.179s] -- Installing: /home/user/ros2_ws/src/aruco_ros/install/aruco_msgs/share/aruco_msgs/cmake/rosidl_cmake-extras.cmake
[15.179s] -- Installing: /home/user/ros2_ws/src/aruco_ros/install/aruco_msgs/share/aruco_msgs/cmake/ament_cmake_export_dependencies-extras.cmake
[15.179s] -- Installing: /home/user/ros2_ws/src/aruco_ros/install/aruco_msgs/share/aruco_msgs/cmake/ament_cmake_export_include_directories-extras.cmake
[15.179s] -- Installing: /home/user/ros2_ws/src/aruco_ros/install/aruco_msgs/share/aruco_msgs/cmake/ament_cmake_export_libraries-extras.cmake
[15.179s] -- Installing: /home/user/ros2_ws/src/aruco_ros/install/aruco_msgs/share/aruco_msgs/cmake/ament_cmake_export_targets-extras.cmake
[15.179s] -- Installing: /home/user/ros2_ws/src/aruco_ros/install/aruco_msgs/share/aruco_msgs/cmake/rosidl_cmake_export_typesupport_targets-extras.cmake
[15.179s] -- Installing: /home/user/ros2_ws/src/aruco_ros/install/aruco_msgs/share/aruco_msgs/cmake/rosidl_cmake_export_typesupport_libraries-extras.cmake
[15.179s] -- Installing: /home/user/ros2_ws/src/aruco_ros/install/aruco_msgs/share/aruco_msgs/cmake/aruco_msgsConfig.cmake
[15.179s] -- Installing: /home/user/ros2_ws/src/aruco_ros/install/aruco_msgs/share/aruco_msgs/cmake/aruco_msgsConfig-version.cmake
[15.180s] -- Installing: /home/user/ros2_ws/src/aruco_ros/install/aruco_msgs/share/aruco_msgs/package.xml
[15.183s] Invoked command in '/home/user/ros2_ws/src/aruco_ros/build/aruco_msgs' returned '0': CMAKE_PREFIX_PATH=/opt/ros/humble /usr/bin/cmake --install /home/user/ros2_ws/src/aruco_ros/build/aruco_msgs
