[0.022s] Invoking command in '/home/user/ros2_ws/src/aruco_ros/build/aruco_ros': AMENT_PREFIX_PATH=/home/user/ros2_ws/src/aruco_ros/install/aruco_msgs:/home/user/ros2_ws/src/aruco_ros/install/aruco:${AMENT_PREFIX_PATH} CMAKE_PREFIX_PATH=/home/user/ros2_ws/src/aruco_ros/install/aruco_msgs:/home/user/ros2_ws/src/aruco_ros/install/aruco:/opt/ros/humble LD_LIBRARY_PATH=/home/user/ros2_ws/src/aruco_ros/install/aruco_msgs/lib:/home/user/ros2_ws/src/aruco_ros/install/aruco/lib:${LD_LIBRARY_PATH} PYTHONPATH=/home/user/ros2_ws/src/aruco_ros/install/aruco_msgs/local/lib/python3.10/dist-packages:${PYTHONPATH} /usr/bin/cmake /home/user/ros2_ws/src/aruco_ros/aruco_ros -DCMAKE_INSTALL_PREFIX=/home/user/ros2_ws/src/aruco_ros/install/aruco_ros
[0.112s] -- The C compiler identification is GNU 11.4.0
[0.192s] -- The CXX compiler identification is GNU 11.4.0
[0.201s] -- Detecting C compiler ABI info
[0.292s] -- Detecting C compiler ABI info - done
[0.302s] -- Check for working C compiler: /usr/bin/cc - skipped
[0.302s] -- Detecting C compile features
[0.303s] -- Detecting C compile features - done
[0.306s] -- Detecting CXX compiler ABI info
[0.413s] -- Detecting CXX compiler ABI info - done
[0.425s] -- Check for working CXX compiler: /usr/bin/c++ - skipped
[0.425s] -- Detecting CXX compile features
[0.426s] -- Detecting CXX compile features - done
[0.431s] -- Found ament_cmake: 1.3.12 (/opt/ros/humble/share/ament_cmake/cmake)
[0.633s] -- Found Python3: /usr/bin/python3 (found version "3.10.12") found components: Interpreter 
[0.781s] -- Found OpenCV: /usr (found version "4.5.4") 
[0.785s] -- Found cv_bridge: 3.2.1 (/opt/ros/humble/share/cv_bridge/cmake)
[0.852s] -- Found rosidl_generator_c: 3.1.7 (/opt/ros/humble/share/rosidl_generator_c/cmake)
[0.861s] -- Found rosidl_adapter: 3.1.7 (/opt/ros/humble/share/rosidl_adapter/cmake)
[0.874s] -- Found rosidl_generator_cpp: 3.1.7 (/opt/ros/humble/share/rosidl_generator_cpp/cmake)
[0.894s] -- Using all available rosidl_typesupport_c: rosidl_typesupport_fastrtps_c;rosidl_typesupport_introspection_c
[0.922s] -- Using all available rosidl_typesupport_cpp: rosidl_typesupport_fastrtps_cpp;rosidl_typesupport_introspection_cpp
[1.021s] -- Found image_transport: 3.1.12 (/opt/ros/humble/share/image_transport/cmake)
[1.126s] -- Found rmw_implementation_cmake: 6.1.2 (/opt/ros/humble/share/rmw_implementation_cmake/cmake)
[1.133s] -- Found rmw_fastrtps_cpp: 6.2.9 (/opt/ros/humble/share/rmw_fastrtps_cpp/cmake)
[1.283s] -- Found OpenSSL: /usr/lib/x86_64-linux-gnu/libcrypto.so (found version "3.0.2")  
[1.328s] -- Found FastRTPS: /opt/ros/humble/include  
[1.394s] -- Using RMW implementation 'rmw_fastrtps_cpp' as default
[1.417s] -- Looking for pthread.h
[1.513s] -- Looking for pthread.h - found
[1.513s] -- Performing Test CMAKE_HAVE_LIBC_PTHREAD
[1.610s] -- Performing Test CMAKE_HAVE_LIBC_PTHREAD - Success
[1.612s] -- Found Threads: TRUE  
[1.747s] -- Found rclpy: 3.3.17 (/opt/ros/humble/share/rclpy/cmake)
[1.754s] -- Found tf2: 0.25.16 (/opt/ros/humble/share/tf2/cmake)
[1.765s] -- Found tf2_ros: 0.25.16 (/opt/ros/humble/share/tf2_ros/cmake)
[1.928s] -- Found tf2_geometry_msgs: 0.25.16 (/opt/ros/humble/share/tf2_geometry_msgs/cmake)
[1.957s] -- Found eigen3_cmake_module: 0.1.1 (/opt/ros/humble/share/eigen3_cmake_module/cmake)
[1.959s] -- Found Eigen3: TRUE (found version "3.4.0") 
[1.960s] -- Ensuring Eigen3 include directory is part of orocos-kdl CMake target
[1.962s] -- Found aruco: 5.0.5 (/home/user/ros2_ws/src/aruco_ros/install/aruco/share/aruco/cmake)
[1.964s] -- Found aruco_msgs: 5.0.5 (/home/user/ros2_ws/src/aruco_ros/install/aruco_msgs/share/aruco_msgs/cmake)
[1.988s] -- Found visualization_msgs: 4.9.0 (/opt/ros/humble/share/visualization_msgs/cmake)
[2.041s] -- Found ament_lint_auto: 0.12.14 (/opt/ros/humble/share/ament_lint_auto/cmake)
[2.164s] -- Added test 'cppcheck' to perform static code analysis on C / C++ code
[2.164s] -- Configured cppcheck include dirs: /home/user/ros2_ws/src/aruco_ros/aruco_ros/include
[2.164s] -- Configured cppcheck exclude dirs and/or files: 
[2.167s] -- Added test 'cpplint' to check C / C++ code against the Google style
[2.167s] -- Configured cpplint exclude dirs and/or files: 
[2.168s] -- Added test 'flake8' to check Python code syntax and style conventions
[2.169s] -- Added test 'lint_cmake' to check CMake code style
[2.169s] -- Added test 'pep257' to check Python code against some of the docstring style conventions in PEP 257
[2.172s] -- Added test 'uncrustify' to check C / C++ code style
[2.172s] -- Configured uncrustify additional arguments: 
[2.173s] -- Added test 'xmllint' to check XML markup files
[2.174s] -- Configuring done
[2.249s] -- Generating done
[2.267s] -- Build files have been written to: /home/user/ros2_ws/src/aruco_ros/build/aruco_ros
[2.280s] Invoked command in '/home/user/ros2_ws/src/aruco_ros/build/aruco_ros' returned '0': AMENT_PREFIX_PATH=/home/user/ros2_ws/src/aruco_ros/install/aruco_msgs:/home/user/ros2_ws/src/aruco_ros/install/aruco:${AMENT_PREFIX_PATH} CMAKE_PREFIX_PATH=/home/user/ros2_ws/src/aruco_ros/install/aruco_msgs:/home/user/ros2_ws/src/aruco_ros/install/aruco:/opt/ros/humble LD_LIBRARY_PATH=/home/user/ros2_ws/src/aruco_ros/install/aruco_msgs/lib:/home/user/ros2_ws/src/aruco_ros/install/aruco/lib:${LD_LIBRARY_PATH} PYTHONPATH=/home/user/ros2_ws/src/aruco_ros/install/aruco_msgs/local/lib/python3.10/dist-packages:${PYTHONPATH} /usr/bin/cmake /home/user/ros2_ws/src/aruco_ros/aruco_ros -DCMAKE_INSTALL_PREFIX=/home/user/ros2_ws/src/aruco_ros/install/aruco_ros
[2.282s] Invoking command in '/home/user/ros2_ws/src/aruco_ros/build/aruco_ros': AMENT_PREFIX_PATH=/home/user/ros2_ws/src/aruco_ros/install/aruco_msgs:/home/user/ros2_ws/src/aruco_ros/install/aruco:${AMENT_PREFIX_PATH} CMAKE_PREFIX_PATH=/home/user/ros2_ws/src/aruco_ros/install/aruco_msgs:/home/user/ros2_ws/src/aruco_ros/install/aruco:/opt/ros/humble LD_LIBRARY_PATH=/home/user/ros2_ws/src/aruco_ros/install/aruco_msgs/lib:/home/user/ros2_ws/src/aruco_ros/install/aruco/lib:${LD_LIBRARY_PATH} PYTHONPATH=/home/user/ros2_ws/src/aruco_ros/install/aruco_msgs/local/lib/python3.10/dist-packages:${PYTHONPATH} /usr/bin/cmake --build /home/user/ros2_ws/src/aruco_ros/build/aruco_ros -- -j4 -l4
[2.354s] [  9%] [32mBuilding CXX object CMakeFiles/aruco_ros_utils.dir/src/aruco_ros_utils.cpp.o[0m
[4.643s] [ 18%] [32m[1mLinking CXX shared library libaruco_ros_utils.so[0m
[5.198s] [ 18%] Built target aruco_ros_utils
[5.224s] [ 27%] [32mBuilding CXX object CMakeFiles/marker_publisher.dir/src/marker_publish.cpp.o[0m
[20.394s] [ 36%] [32mBuilding CXX object CMakeFiles/marker_publisher.dir/src/aruco_ros_utils.cpp.o[0m
[22.597s] [ 45%] [32m[1mLinking CXX executable marker_publisher[0m
[24.336s] [ 45%] Built target marker_publisher
[24.363s] [ 54%] [32mBuilding CXX object CMakeFiles/double.dir/src/simple_double.cpp.o[0m
[24.363s] [ 72%] [32mBuilding CXX object CMakeFiles/single.dir/src/aruco_ros_utils.cpp.o[0m
[24.364s] [ 81%] [32mBuilding CXX object CMakeFiles/single.dir/src/simple_single.cpp.o[0m
[24.364s] [ 81%] [32mBuilding CXX object CMakeFiles/double.dir/src/aruco_ros_utils.cpp.o[0m
[38.872s] [ 90%] [32m[1mLinking CXX executable double[0m
[40.952s] [ 90%] Built target double
[41.872s] [100%] [32m[1mLinking CXX executable single[0m
[43.874s] [100%] Built target single
[43.889s] Invoked command in '/home/user/ros2_ws/src/aruco_ros/build/aruco_ros' returned '0': AMENT_PREFIX_PATH=/home/user/ros2_ws/src/aruco_ros/install/aruco_msgs:/home/user/ros2_ws/src/aruco_ros/install/aruco:${AMENT_PREFIX_PATH} CMAKE_PREFIX_PATH=/home/user/ros2_ws/src/aruco_ros/install/aruco_msgs:/home/user/ros2_ws/src/aruco_ros/install/aruco:/opt/ros/humble LD_LIBRARY_PATH=/home/user/ros2_ws/src/aruco_ros/install/aruco_msgs/lib:/home/user/ros2_ws/src/aruco_ros/install/aruco/lib:${LD_LIBRARY_PATH} PYTHONPATH=/home/user/ros2_ws/src/aruco_ros/install/aruco_msgs/local/lib/python3.10/dist-packages:${PYTHONPATH} /usr/bin/cmake --build /home/user/ros2_ws/src/aruco_ros/build/aruco_ros -- -j4 -l4
[43.891s] Invoking command in '/home/user/ros2_ws/src/aruco_ros/build/aruco_ros': AMENT_PREFIX_PATH=/home/user/ros2_ws/src/aruco_ros/install/aruco_msgs:/home/user/ros2_ws/src/aruco_ros/install/aruco:${AMENT_PREFIX_PATH} CMAKE_PREFIX_PATH=/home/user/ros2_ws/src/aruco_ros/install/aruco_msgs:/home/user/ros2_ws/src/aruco_ros/install/aruco:/opt/ros/humble LD_LIBRARY_PATH=/home/user/ros2_ws/src/aruco_ros/install/aruco_msgs/lib:/home/user/ros2_ws/src/aruco_ros/install/aruco/lib:${LD_LIBRARY_PATH} PYTHONPATH=/home/user/ros2_ws/src/aruco_ros/install/aruco_msgs/local/lib/python3.10/dist-packages:${PYTHONPATH} /usr/bin/cmake --install /home/user/ros2_ws/src/aruco_ros/build/aruco_ros
[43.901s] -- Install configuration: ""
[43.901s] -- Installing: /home/user/ros2_ws/src/aruco_ros/install/aruco_ros/lib/libaruco_ros_utils.so
[43.902s] -- Set runtime path of "/home/user/ros2_ws/src/aruco_ros/install/aruco_ros/lib/libaruco_ros_utils.so" to ""
[43.902s] -- Installing: /home/user/ros2_ws/src/aruco_ros/install/aruco_ros/lib/aruco_ros/marker_publisher
[43.908s] -- Set runtime path of "/home/user/ros2_ws/src/aruco_ros/install/aruco_ros/lib/aruco_ros/marker_publisher" to ""
[43.909s] -- Installing: /home/user/ros2_ws/src/aruco_ros/install/aruco_ros/lib/aruco_ros/single
[43.914s] -- Set runtime path of "/home/user/ros2_ws/src/aruco_ros/install/aruco_ros/lib/aruco_ros/single" to ""
[43.914s] -- Installing: /home/user/ros2_ws/src/aruco_ros/install/aruco_ros/lib/aruco_ros/double
[43.918s] -- Set runtime path of "/home/user/ros2_ws/src/aruco_ros/install/aruco_ros/lib/aruco_ros/double" to ""
[43.918s] -- Installing: /home/user/ros2_ws/src/aruco_ros/install/aruco_ros/include
[43.919s] -- Installing: /home/user/ros2_ws/src/aruco_ros/install/aruco_ros/include/aruco_ros
[43.919s] -- Installing: /home/user/ros2_ws/src/aruco_ros/install/aruco_ros/share/aruco_ros/etc
[43.919s] -- Installing: /home/user/ros2_ws/src/aruco_ros/install/aruco_ros/share/aruco_ros/etc/marker_in_object.jpg
[43.919s] -- Installing: /home/user/ros2_ws/src/aruco_ros/install/aruco_ros/share/aruco_ros/etc/reem_gazebo_floating_marker.png
[43.919s] -- Installing: /home/user/ros2_ws/src/aruco_ros/install/aruco_ros/share/aruco_ros/etc/marker582_5cm_margin_2cm.jpg
[43.919s] -- Installing: /home/user/ros2_ws/src/aruco_ros/install/aruco_ros/share/aruco_ros/etc/reem_gazebo_floating_marker_world.png
[43.919s] -- Installing: /home/user/ros2_ws/src/aruco_ros/install/aruco_ros/share/aruco_ros/etc/marker_in_hand.jpg
[43.920s] -- Installing: /home/user/ros2_ws/src/aruco_ros/install/aruco_ros/share/aruco_ros/etc/marker26_5cm_margin_2cm.jpg
[43.920s] -- Installing: /home/user/ros2_ws/src/aruco_ros/install/aruco_ros/share/aruco_ros/etc/new_coordinates.png
[43.920s] -- Installing: /home/user/ros2_ws/src/aruco_ros/install/aruco_ros/share/aruco_ros/etc/marker26_5cm.jpg
[43.920s] -- Installing: /home/user/ros2_ws/src/aruco_ros/install/aruco_ros/share/aruco_ros/etc/marker582_5cm.jpg
[43.920s] -- Installing: /home/user/ros2_ws/src/aruco_ros/install/aruco_ros/share/aruco_ros/etc/marker26_5cm_margin_1cm.jpg
[43.920s] -- Installing: /home/user/ros2_ws/src/aruco_ros/install/aruco_ros/share/aruco_ros/launch
[43.921s] -- Installing: /home/user/ros2_ws/src/aruco_ros/install/aruco_ros/share/aruco_ros/launch/double.launch.py
[43.924s] -- Installing: /home/user/ros2_ws/src/aruco_ros/install/aruco_ros/share/aruco_ros/launch/marker_publisher.launch.py
[43.924s] -- Installing: /home/user/ros2_ws/src/aruco_ros/install/aruco_ros/share/aruco_ros/launch/single.launch.py
[43.924s] -- Installing: /home/user/ros2_ws/src/aruco_ros/install/aruco_ros/share/ament_index/resource_index/package_run_dependencies/aruco_ros
[43.924s] -- Installing: /home/user/ros2_ws/src/aruco_ros/install/aruco_ros/share/ament_index/resource_index/parent_prefix_path/aruco_ros
[43.924s] -- Installing: /home/user/ros2_ws/src/aruco_ros/install/aruco_ros/share/aruco_ros/environment/ament_prefix_path.sh
[43.924s] -- Installing: /home/user/ros2_ws/src/aruco_ros/install/aruco_ros/share/aruco_ros/environment/ament_prefix_path.dsv
[43.924s] -- Installing: /home/user/ros2_ws/src/aruco_ros/install/aruco_ros/share/aruco_ros/environment/path.sh
[43.924s] -- Installing: /home/user/ros2_ws/src/aruco_ros/install/aruco_ros/share/aruco_ros/environment/path.dsv
[43.924s] -- Installing: /home/user/ros2_ws/src/aruco_ros/install/aruco_ros/share/aruco_ros/local_setup.bash
[43.924s] -- Installing: /home/user/ros2_ws/src/aruco_ros/install/aruco_ros/share/aruco_ros/local_setup.sh
[43.925s] -- Installing: /home/user/ros2_ws/src/aruco_ros/install/aruco_ros/share/aruco_ros/local_setup.zsh
[43.925s] -- Installing: /home/user/ros2_ws/src/aruco_ros/install/aruco_ros/share/aruco_ros/local_setup.dsv
[43.925s] -- Installing: /home/user/ros2_ws/src/aruco_ros/install/aruco_ros/share/aruco_ros/package.dsv
[43.925s] -- Installing: /home/user/ros2_ws/src/aruco_ros/install/aruco_ros/share/ament_index/resource_index/packages/aruco_ros
[43.925s] -- Installing: /home/user/ros2_ws/src/aruco_ros/install/aruco_ros/share/aruco_ros/cmake/aruco_rosConfig.cmake
[43.925s] -- Installing: /home/user/ros2_ws/src/aruco_ros/install/aruco_ros/share/aruco_ros/cmake/aruco_rosConfig-version.cmake
[43.925s] -- Installing: /home/user/ros2_ws/src/aruco_ros/install/aruco_ros/share/aruco_ros/package.xml
[43.927s] Invoked command in '/home/user/ros2_ws/src/aruco_ros/build/aruco_ros' returned '0': AMENT_PREFIX_PATH=/home/user/ros2_ws/src/aruco_ros/install/aruco_msgs:/home/user/ros2_ws/src/aruco_ros/install/aruco:${AMENT_PREFIX_PATH} CMAKE_PREFIX_PATH=/home/user/ros2_ws/src/aruco_ros/install/aruco_msgs:/home/user/ros2_ws/src/aruco_ros/install/aruco:/opt/ros/humble LD_LIBRARY_PATH=/home/user/ros2_ws/src/aruco_ros/install/aruco_msgs/lib:/home/user/ros2_ws/src/aruco_ros/install/aruco/lib:${LD_LIBRARY_PATH} PYTHONPATH=/home/user/ros2_ws/src/aruco_ros/install/aruco_msgs/local/lib/python3.10/dist-packages:${PYTHONPATH} /usr/bin/cmake --install /home/user/ros2_ws/src/aruco_ros/build/aruco_ros
